This is pdfTeX, Version 3.14159265-2.6-1.40.16 (TeX Live 2015/Debian) (preloaded format=pdflatex 2015.11.21)  13 MAR 2016 22:51
entering extended mode
 restricted \write18 enabled.
 %&-line parsing enabled.
**Relazione.tex
(./Relazione.tex
LaTeX2e <2015/01/01>
Babel <3.9l> and hyphenation patterns for 79 languages loaded.
(/usr/share/texlive/texmf-dist/tex/latex/base/article.cls
Document Class: article 2014/09/29 v1.4h Standard LaTeX document class
(/usr/share/texlive/texmf-dist/tex/latex/base/size12.clo
File: size12.clo 2014/09/29 v1.4h Standard LaTeX file (size option)
)
\c@part=\count79
\c@section=\count80
\c@subsection=\count81
\c@subsubsection=\count82
\c@paragraph=\count83
\c@subparagraph=\count84
\c@figure=\count85
\c@table=\count86
\abovecaptionskip=\skip41
\belowcaptionskip=\skip42
\bibindent=\dimen102
)
(/usr/share/texlive/texmf-dist/tex/latex/base/fontenc.sty
Package: fontenc 2005/09/27 v1.99g Standard LaTeX package

(/usr/share/texlive/texmf-dist/tex/latex/base/t1enc.def
File: t1enc.def 2005/09/27 v1.99g Standard LaTeX file
LaTeX Font Info:    Redeclaring font encoding T1 on input line 48.
))
(/usr/share/texlive/texmf-dist/tex/latex/base/inputenc.sty
Package: inputenc 2015/03/17 v1.2c Input encoding file
\inpenc@prehook=\toks14
\inpenc@posthook=\toks15

(/usr/share/texlive/texmf-dist/tex/latex/base/utf8.def
File: utf8.def 2014/09/29 v1.1m UTF-8 support for inputenc
Now handling font encoding OML ...
... no UTF-8 mapping file for font encoding OML
Now handling font encoding T1 ...
... processing UTF-8 mapping file for font encoding T1

(/usr/share/texlive/texmf-dist/tex/latex/base/t1enc.dfu
File: t1enc.dfu 2014/09/29 v1.1m UTF-8 support for inputenc
   defining Unicode char U+00A1 (decimal 161)
   defining Unicode char U+00A3 (decimal 163)
   defining Unicode char U+00AB (decimal 171)
   defining Unicode char U+00BB (decimal 187)
   defining Unicode char U+00BF (decimal 191)
   defining Unicode char U+00C0 (decimal 192)
   defining Unicode char U+00C1 (decimal 193)
   defining Unicode char U+00C2 (decimal 194)
   defining Unicode char U+00C3 (decimal 195)
   defining Unicode char U+00C4 (decimal 196)
   defining Unicode char U+00C5 (decimal 197)
   defining Unicode char U+00C6 (decimal 198)
   defining Unicode char U+00C7 (decimal 199)
   defining Unicode char U+00C8 (decimal 200)
   defining Unicode char U+00C9 (decimal 201)
   defining Unicode char U+00CA (decimal 202)
   defining Unicode char U+00CB (decimal 203)
   defining Unicode char U+00CC (decimal 204)
   defining Unicode char U+00CD (decimal 205)
   defining Unicode char U+00CE (decimal 206)
   defining Unicode char U+00CF (decimal 207)
   defining Unicode char U+00D0 (decimal 208)
   defining Unicode char U+00D1 (decimal 209)
   defining Unicode char U+00D2 (decimal 210)
   defining Unicode char U+00D3 (decimal 211)
   defining Unicode char U+00D4 (decimal 212)
   defining Unicode char U+00D5 (decimal 213)
   defining Unicode char U+00D6 (decimal 214)
   defining Unicode char U+00D8 (decimal 216)
   defining Unicode char U+00D9 (decimal 217)
   defining Unicode char U+00DA (decimal 218)
   defining Unicode char U+00DB (decimal 219)
   defining Unicode char U+00DC (decimal 220)
   defining Unicode char U+00DD (decimal 221)
   defining Unicode char U+00DE (decimal 222)
   defining Unicode char U+00DF (decimal 223)
   defining Unicode char U+00E0 (decimal 224)
   defining Unicode char U+00E1 (decimal 225)
   defining Unicode char U+00E2 (decimal 226)
   defining Unicode char U+00E3 (decimal 227)
   defining Unicode char U+00E4 (decimal 228)
   defining Unicode char U+00E5 (decimal 229)
   defining Unicode char U+00E6 (decimal 230)
   defining Unicode char U+00E7 (decimal 231)
   defining Unicode char U+00E8 (decimal 232)
   defining Unicode char U+00E9 (decimal 233)
   defining Unicode char U+00EA (decimal 234)
   defining Unicode char U+00EB (decimal 235)
   defining Unicode char U+00EC (decimal 236)
   defining Unicode char U+00ED (decimal 237)
   defining Unicode char U+00EE (decimal 238)
   defining Unicode char U+00EF (decimal 239)
   defining Unicode char U+00F0 (decimal 240)
   defining Unicode char U+00F1 (decimal 241)
   defining Unicode char U+00F2 (decimal 242)
   defining Unicode char U+00F3 (decimal 243)
   defining Unicode char U+00F4 (decimal 244)
   defining Unicode char U+00F5 (decimal 245)
   defining Unicode char U+00F6 (decimal 246)
   defining Unicode char U+00F8 (decimal 248)
   defining Unicode char U+00F9 (decimal 249)
   defining Unicode char U+00FA (decimal 250)
   defining Unicode char U+00FB (decimal 251)
   defining Unicode char U+00FC (decimal 252)
   defining Unicode char U+00FD (decimal 253)
   defining Unicode char U+00FE (decimal 254)
   defining Unicode char U+00FF (decimal 255)
   defining Unicode char U+0102 (decimal 258)
   defining Unicode char U+0103 (decimal 259)
   defining Unicode char U+0104 (decimal 260)
   defining Unicode char U+0105 (decimal 261)
   defining Unicode char U+0106 (decimal 262)
   defining Unicode char U+0107 (decimal 263)
   defining Unicode char U+010C (decimal 268)
   defining Unicode char U+010D (decimal 269)
   defining Unicode char U+010E (decimal 270)
   defining Unicode char U+010F (decimal 271)
   defining Unicode char U+0110 (decimal 272)
   defining Unicode char U+0111 (decimal 273)
   defining Unicode char U+0118 (decimal 280)
   defining Unicode char U+0119 (decimal 281)
   defining Unicode char U+011A (decimal 282)
   defining Unicode char U+011B (decimal 283)
   defining Unicode char U+011E (decimal 286)
   defining Unicode char U+011F (decimal 287)
   defining Unicode char U+0130 (decimal 304)
   defining Unicode char U+0131 (decimal 305)
   defining Unicode char U+0132 (decimal 306)
   defining Unicode char U+0133 (decimal 307)
   defining Unicode char U+0139 (decimal 313)
   defining Unicode char U+013A (decimal 314)
   defining Unicode char U+013D (decimal 317)
   defining Unicode char U+013E (decimal 318)
   defining Unicode char U+0141 (decimal 321)
   defining Unicode char U+0142 (decimal 322)
   defining Unicode char U+0143 (decimal 323)
   defining Unicode char U+0144 (decimal 324)
   defining Unicode char U+0147 (decimal 327)
   defining Unicode char U+0148 (decimal 328)
   defining Unicode char U+014A (decimal 330)
   defining Unicode char U+014B (decimal 331)
   defining Unicode char U+0150 (decimal 336)
   defining Unicode char U+0151 (decimal 337)
   defining Unicode char U+0152 (decimal 338)
   defining Unicode char U+0153 (decimal 339)
   defining Unicode char U+0154 (decimal 340)
   defining Unicode char U+0155 (decimal 341)
   defining Unicode char U+0158 (decimal 344)
   defining Unicode char U+0159 (decimal 345)
   defining Unicode char U+015A (decimal 346)
   defining Unicode char U+015B (decimal 347)
   defining Unicode char U+015E (decimal 350)
   defining Unicode char U+015F (decimal 351)
   defining Unicode char U+0160 (decimal 352)
   defining Unicode char U+0161 (decimal 353)
   defining Unicode char U+0162 (decimal 354)
   defining Unicode char U+0163 (decimal 355)
   defining Unicode char U+0164 (decimal 356)
   defining Unicode char U+0165 (decimal 357)
   defining Unicode char U+016E (decimal 366)
   defining Unicode char U+016F (decimal 367)
   defining Unicode char U+0170 (decimal 368)
   defining Unicode char U+0171 (decimal 369)
   defining Unicode char U+0178 (decimal 376)
   defining Unicode char U+0179 (decimal 377)
   defining Unicode char U+017A (decimal 378)
   defining Unicode char U+017B (decimal 379)
   defining Unicode char U+017C (decimal 380)
   defining Unicode char U+017D (decimal 381)
   defining Unicode char U+017E (decimal 382)
   defining Unicode char U+200C (decimal 8204)
   defining Unicode char U+2013 (decimal 8211)
   defining Unicode char U+2014 (decimal 8212)
   defining Unicode char U+2018 (decimal 8216)
   defining Unicode char U+2019 (decimal 8217)
   defining Unicode char U+201A (decimal 8218)
   defining Unicode char U+201C (decimal 8220)
   defining Unicode char U+201D (decimal 8221)
   defining Unicode char U+201E (decimal 8222)
   defining Unicode char U+2030 (decimal 8240)
   defining Unicode char U+2031 (decimal 8241)
   defining Unicode char U+2039 (decimal 8249)
   defining Unicode char U+203A (decimal 8250)
   defining Unicode char U+2423 (decimal 9251)
)
Now handling font encoding OT1 ...
... processing UTF-8 mapping file for font encoding OT1

(/usr/share/texlive/texmf-dist/tex/latex/base/ot1enc.dfu
File: ot1enc.dfu 2014/09/29 v1.1m UTF-8 support for inputenc
   defining Unicode char U+00A1 (decimal 161)
   defining Unicode char U+00A3 (decimal 163)
   defining Unicode char U+00B8 (decimal 184)
   defining Unicode char U+00BF (decimal 191)
   defining Unicode char U+00C5 (decimal 197)
   defining Unicode char U+00C6 (decimal 198)
   defining Unicode char U+00D8 (decimal 216)
   defining Unicode char U+00DF (decimal 223)
   defining Unicode char U+00E6 (decimal 230)
   defining Unicode char U+00EC (decimal 236)
   defining Unicode char U+00ED (decimal 237)
   defining Unicode char U+00EE (decimal 238)
   defining Unicode char U+00EF (decimal 239)
   defining Unicode char U+00F8 (decimal 248)
   defining Unicode char U+0131 (decimal 305)
   defining Unicode char U+0141 (decimal 321)
   defining Unicode char U+0142 (decimal 322)
   defining Unicode char U+0152 (decimal 338)
   defining Unicode char U+0153 (decimal 339)
   defining Unicode char U+2013 (decimal 8211)
   defining Unicode char U+2014 (decimal 8212)
   defining Unicode char U+2018 (decimal 8216)
   defining Unicode char U+2019 (decimal 8217)
   defining Unicode char U+201C (decimal 8220)
   defining Unicode char U+201D (decimal 8221)
)
Now handling font encoding OMS ...
... processing UTF-8 mapping file for font encoding OMS

(/usr/share/texlive/texmf-dist/tex/latex/base/omsenc.dfu
File: omsenc.dfu 2014/09/29 v1.1m UTF-8 support for inputenc
   defining Unicode char U+00A7 (decimal 167)
   defining Unicode char U+00B6 (decimal 182)
   defining Unicode char U+00B7 (decimal 183)
   defining Unicode char U+2020 (decimal 8224)
   defining Unicode char U+2021 (decimal 8225)
   defining Unicode char U+2022 (decimal 8226)
)
Now handling font encoding OMX ...
... no UTF-8 mapping file for font encoding OMX
Now handling font encoding U ...
... no UTF-8 mapping file for font encoding U
   defining Unicode char U+00A9 (decimal 169)
   defining Unicode char U+00AA (decimal 170)
   defining Unicode char U+00AE (decimal 174)
   defining Unicode char U+00BA (decimal 186)
   defining Unicode char U+02C6 (decimal 710)
   defining Unicode char U+02DC (decimal 732)
   defining Unicode char U+200C (decimal 8204)
   defining Unicode char U+2026 (decimal 8230)
   defining Unicode char U+2122 (decimal 8482)
   defining Unicode char U+2423 (decimal 9251)
))
(/usr/share/texlive/texmf-dist/tex/generic/babel/babel.sty
Package: babel 2014/09/25 3.9l The Babel package

(/usr/share/texlive/texmf-dist/tex/generic/babel-english/english.ldf
Language: english 2012/08/20 v3.3p English support from the babel system

(/usr/share/texlive/texmf-dist/tex/generic/babel/babel.def
File: babel.def 2014/09/25 3.9l Babel common definitions
\babel@savecnt=\count87
\U@D=\dimen103
)
\l@canadian = a dialect from \language\l@american 
\l@australian = a dialect from \language\l@british 
\l@newzealand = a dialect from \language\l@british 
)
(/usr/share/texlive/texmf-dist/tex/generic/babel-italian/italian.ldf
Language: italian 2015/03/26 v1.3n Italian support from the babel system
\it@lettering=\count88
\it@doublequoteactive=\count89
\it@ISOcompliance=\count90
))
(/usr/share/texlive/texmf-dist/tex/latex/etoolbox/etoolbox.sty
Package: etoolbox 2015/08/02 v2.2a e-TeX tools for LaTeX (JAW)
\etb@tempcnta=\count91
)
(/usr/share/texlive/texmf-dist/tex/latex/layaureo/layaureo.sty
Package: layaureo 2004/09/16 v0.2

(/usr/share/texlive/texmf-dist/tex/latex/geometry/geometry.sty
Package: geometry 2010/09/12 v5.6 Page Geometry

(/usr/share/texlive/texmf-dist/tex/latex/graphics/keyval.sty
Package: keyval 2014/10/28 v1.15 key=value parser (DPC)
\KV@toks@=\toks16
)
(/usr/share/texlive/texmf-dist/tex/generic/oberdiek/ifpdf.sty
Package: ifpdf 2011/01/30 v2.3 Provides the ifpdf switch (HO)
Package ifpdf Info: pdfTeX in PDF mode is detected.
)
(/usr/share/texlive/texmf-dist/tex/generic/oberdiek/ifvtex.sty
Package: ifvtex 2010/03/01 v1.5 Detect VTeX and its facilities (HO)
Package ifvtex Info: VTeX not detected.
)
(/usr/share/texlive/texmf-dist/tex/generic/ifxetex/ifxetex.sty
Package: ifxetex 2010/09/12 v0.6 Provides ifxetex conditional
)
\Gm@cnth=\count92
\Gm@cntv=\count93
\c@Gm@tempcnt=\count94
\Gm@bindingoffset=\dimen104
\Gm@wd@mp=\dimen105
\Gm@odd@mp=\dimen106
\Gm@even@mp=\dimen107
\Gm@layoutwidth=\dimen108
\Gm@layoutheight=\dimen109
\Gm@layouthoffset=\dimen110
\Gm@layoutvoffset=\dimen111
\Gm@dimlist=\toks17
)
(/usr/share/texlive/texmf-dist/tex/latex/tools/calc.sty
Package: calc 2014/10/28 v4.3 Infix arithmetic (KKT,FJ)
\calc@Acount=\count95
\calc@Bcount=\count96
\calc@Adimen=\dimen112
\calc@Bdimen=\dimen113
\calc@Askip=\skip43
\calc@Bskip=\skip44
LaTeX Info: Redefining \setlength on input line 80.
LaTeX Info: Redefining \addtolength on input line 81.
\calc@Ccount=\count97
\calc@Cskip=\skip45
)
\LA@MargineRilegatura=\skip46
\LA@LarghezzaTesto=\skip47
\LA@AltezzaTesto=\skip48
\LA@MargineSinistro=\skip49
\LA@MargineSuperiore=\skip50
)
(/usr/share/texlive/texmf-dist/tex/latex/tools/indentfirst.sty
Package: indentfirst 1995/11/23 v1.03 Indent first paragraph (DPC)
)
(/usr/share/texlive/texmf-dist/tex/latex/booktabs/booktabs.sty
Package: booktabs 2005/04/14 v1.61803 publication quality tables
\heavyrulewidth=\dimen114
\lightrulewidth=\dimen115
\cmidrulewidth=\dimen116
\belowrulesep=\dimen117
\belowbottomsep=\dimen118
\aboverulesep=\dimen119
\abovetopsep=\dimen120
\cmidrulesep=\dimen121
\cmidrulekern=\dimen122
\defaultaddspace=\dimen123
\@cmidla=\count98
\@cmidlb=\count99
\@aboverulesep=\dimen124
\@belowrulesep=\dimen125
\@thisruleclass=\count100
\@lastruleclass=\count101
\@thisrulewidth=\dimen126
)
(/usr/share/texlive/texmf-dist/tex/latex/tools/tabularx.sty
Package: tabularx 2014/10/28 v2.10 `tabularx' package (DPC)

(/usr/share/texlive/texmf-dist/tex/latex/tools/array.sty
Package: array 2014/10/28 v2.4c Tabular extension package (FMi)
\col@sep=\dimen127
\extrarowheight=\dimen128
\NC@list=\toks18
\extratabsurround=\skip51
\backup@length=\skip52
)
\TX@col@width=\dimen129
\TX@old@table=\dimen130
\TX@old@col=\dimen131
\TX@target=\dimen132
\TX@delta=\dimen133
\TX@cols=\count102
\TX@ftn=\toks19
)
(/usr/share/texlive/texmf-dist/tex/latex/multirow/multirow.sty
\bigstrutjot=\dimen134
)
(/usr/share/texlive/texmf-dist/tex/latex/graphics/graphicx.sty
Package: graphicx 2014/10/28 v1.0g Enhanced LaTeX Graphics (DPC,SPQR)

(/usr/share/texlive/texmf-dist/tex/latex/graphics/graphics.sty
Package: graphics 2014/10/28 v1.0p Standard LaTeX Graphics (DPC,SPQR)

(/usr/share/texlive/texmf-dist/tex/latex/graphics/trig.sty
Package: trig 1999/03/16 v1.09 sin cos tan (DPC)
)
(/usr/share/texlive/texmf-dist/tex/latex/latexconfig/graphics.cfg
File: graphics.cfg 2010/04/23 v1.9 graphics configuration of TeX Live
)
Package graphics Info: Driver file: pdftex.def on input line 94.

(/usr/share/texlive/texmf-dist/tex/latex/pdftex-def/pdftex.def
File: pdftex.def 2011/05/27 v0.06d Graphics/color for pdfTeX

(/usr/share/texlive/texmf-dist/tex/generic/oberdiek/infwarerr.sty
Package: infwarerr 2010/04/08 v1.3 Providing info/warning/error messages (HO)
)
(/usr/share/texlive/texmf-dist/tex/generic/oberdiek/ltxcmds.sty
Package: ltxcmds 2011/11/09 v1.22 LaTeX kernel commands for general use (HO)
)
\Gread@gobject=\count103
))
\Gin@req@height=\dimen135
\Gin@req@width=\dimen136
)
(/usr/share/texlive/texmf-dist/tex/latex/subfig/subfig.sty
Package: subfig 2005/06/28 ver: 1.3 subfig package

(/usr/share/texlive/texmf-dist/tex/latex/caption/caption.sty
Package: caption 2013/05/02 v3.3-89 Customizing captions (AR)

(/usr/share/texlive/texmf-dist/tex/latex/caption/caption3.sty
Package: caption3 2013/05/02 v1.6-88 caption3 kernel (AR)
Package caption3 Info: TeX engine: e-TeX on input line 57.
\captionmargin=\dimen137
\captionmargin@=\dimen138
\captionwidth=\dimen139
\caption@tempdima=\dimen140
\caption@indent=\dimen141
\caption@parindent=\dimen142
\caption@hangindent=\dimen143
)
\c@ContinuedFloat=\count104
)
\c@KVtest=\count105
\sf@farskip=\skip53
\sf@captopadj=\dimen144
\sf@capskip=\skip54
\sf@nearskip=\skip55
\c@subfigure=\count106
\c@subfigure@save=\count107
\c@lofdepth=\count108
\c@subtable=\count109
\c@subtable@save=\count110
\c@lotdepth=\count111
\sf@top=\skip56
\sf@bottom=\skip57
)
(/usr/share/texlive/texmf-dist/tex/latex/pslatex/pslatex.sty
Package: pslatex 1996/07/24 v1.2 pslatex emulation (DPC)
LaTeX Font Info:    Redeclaring symbol font `operators' on input line 65.
LaTeX Font Info:    Overwriting symbol font `operators' in version `normal'
(Font)                  OT1/cmr/m/n --> OT1/ptmcm/m/n on input line 65.
LaTeX Font Info:    Overwriting symbol font `operators' in version `bold'
(Font)                  OT1/cmr/bx/n --> OT1/ptmcm/m/n on input line 65.
LaTeX Font Info:    Redeclaring symbol font `letters' on input line 66.
LaTeX Font Info:    Overwriting symbol font `letters' in version `normal'
(Font)                  OML/cmm/m/it --> OML/ptmcm/m/it on input line 66.
LaTeX Font Info:    Overwriting symbol font `letters' in version `bold'
(Font)                  OML/cmm/b/it --> OML/ptmcm/m/it on input line 66.
LaTeX Font Info:    Redeclaring symbol font `symbols' on input line 67.
LaTeX Font Info:    Overwriting symbol font `symbols' in version `normal'
(Font)                  OMS/cmsy/m/n --> OMS/pzccm/m/n on input line 67.
LaTeX Font Info:    Overwriting symbol font `symbols' in version `bold'
(Font)                  OMS/cmsy/b/n --> OMS/pzccm/m/n on input line 67.
LaTeX Font Info:    Redeclaring symbol font `largesymbols' on input line 68.
LaTeX Font Info:    Overwriting symbol font `largesymbols' in version `normal'
(Font)                  OMX/cmex/m/n --> OMX/psycm/m/n on input line 68.
LaTeX Font Info:    Overwriting symbol font `largesymbols' in version `bold'
(Font)                  OMX/cmex/m/n --> OMX/psycm/m/n on input line 68.
\symbold=\mathgroup4
\symitalic=\mathgroup5
LaTeX Font Info:    Redeclaring math alphabet \mathbf on input line 74.
LaTeX Font Info:    Overwriting math alphabet `\mathbf' in version `normal'
(Font)                  OT1/cmr/bx/n --> OT1/ptm/bx/n on input line 74.
LaTeX Font Info:    Overwriting math alphabet `\mathbf' in version `bold'
(Font)                  OT1/cmr/bx/n --> OT1/ptm/bx/n on input line 74.
LaTeX Font Info:    Redeclaring math alphabet \mathit on input line 75.
LaTeX Font Info:    Overwriting math alphabet `\mathit' in version `normal'
(Font)                  OT1/cmr/m/it --> OT1/ptm/m/it on input line 75.
LaTeX Font Info:    Overwriting math alphabet `\mathit' in version `bold'
(Font)                  OT1/cmr/bx/it --> OT1/ptm/m/it on input line 75.
)
(/usr/share/texlive/texmf-dist/tex/latex/wrapfig/wrapfig.sty
\wrapoverhang=\dimen145
\WF@size=\dimen146
\c@WF@wrappedlines=\count112
\WF@box=\box26
\WF@everypar=\toks20
Package: wrapfig 2003/01/31  v 3.6
)
(/usr/share/texlive/texmf-dist/tex/latex/graphics/epsfig.sty
Package: epsfig 1999/02/16 v1.7a (e)psfig emulation (SPQR)
\epsfxsize=\dimen147
\epsfysize=\dimen148
)
(/usr/share/texlive/texmf-dist/tex/latex/oberdiek/epstopdf.sty
Package: epstopdf 2010/02/09 v2.5 Conversion with epstopdf on the fly (HO)

(/usr/share/texlive/texmf-dist/tex/latex/oberdiek/epstopdf-base.sty
Package: epstopdf-base 2010/02/09 v2.5 Base part for package epstopdf

(/usr/share/texlive/texmf-dist/tex/latex/oberdiek/grfext.sty
Package: grfext 2010/08/19 v1.1 Manage graphics extensions (HO)

(/usr/share/texlive/texmf-dist/tex/generic/oberdiek/kvdefinekeys.sty
Package: kvdefinekeys 2011/04/07 v1.3 Define keys (HO)
))
(/usr/share/texlive/texmf-dist/tex/latex/oberdiek/kvoptions.sty
Package: kvoptions 2011/06/30 v3.11 Key value format for package options (HO)

(/usr/share/texlive/texmf-dist/tex/generic/oberdiek/kvsetkeys.sty
Package: kvsetkeys 2012/04/25 v1.16 Key value parser (HO)

(/usr/share/texlive/texmf-dist/tex/generic/oberdiek/etexcmds.sty
Package: etexcmds 2011/02/16 v1.5 Avoid name clashes with e-TeX commands (HO)

(/usr/share/texlive/texmf-dist/tex/generic/oberdiek/ifluatex.sty
Package: ifluatex 2010/03/01 v1.3 Provides the ifluatex switch (HO)
Package ifluatex Info: LuaTeX not detected.
)
Package etexcmds Info: Could not find \expanded.
(etexcmds)             That can mean that you are not using pdfTeX 1.50 or
(etexcmds)             that some package has redefined \expanded.
(etexcmds)             In the latter case, load this package earlier.
)))
(/usr/share/texlive/texmf-dist/tex/generic/oberdiek/pdftexcmds.sty
Package: pdftexcmds 2011/11/29 v0.20 Utility functions of pdfTeX for LuaTeX (HO
)
Package pdftexcmds Info: LuaTeX not detected.
Package pdftexcmds Info: \pdf@primitive is available.
Package pdftexcmds Info: \pdf@ifprimitive is available.
Package pdftexcmds Info: \pdfdraftmode found.
)
Package grfext Info: Graphics extension search list:
(grfext)             [.png,.pdf,.jpg,.mps,.jpeg,.jbig2,.jb2,.PNG,.PDF,.JPG,.JPE
G,.JBIG2,.JB2,.eps]
(grfext)             \AppendGraphicsExtensions on input line 452.

(/usr/share/texlive/texmf-dist/tex/latex/latexconfig/epstopdf-sys.cfg
File: epstopdf-sys.cfg 2010/07/13 v1.3 Configuration of (r)epstopdf for TeX Liv
e
)))
(/usr/share/texlive/texmf-dist/tex/latex/base/textcomp.sty
Package: textcomp 2005/09/27 v1.99g Standard LaTeX package
Package textcomp Info: Sub-encoding information:
(textcomp)               5 = only ISO-Adobe without \textcurrency
(textcomp)               4 = 5 + \texteuro
(textcomp)               3 = 4 + \textohm
(textcomp)               2 = 3 + \textestimated + \textcurrency
(textcomp)               1 = TS1 - \textcircled - \t
(textcomp)               0 = TS1 (full)
(textcomp)             Font families with sub-encoding setting implement
(textcomp)             only a restricted character set as indicated.
(textcomp)             Family '?' is the default used for unknown fonts.
(textcomp)             See the documentation for details.
Package textcomp Info: Setting ? sub-encoding to TS1/1 on input line 79.

(/usr/share/texlive/texmf-dist/tex/latex/base/ts1enc.def
File: ts1enc.def 2001/06/05 v3.0e (jk/car/fm) Standard LaTeX file
Now handling font encoding TS1 ...
... processing UTF-8 mapping file for font encoding TS1

(/usr/share/texlive/texmf-dist/tex/latex/base/ts1enc.dfu
File: ts1enc.dfu 2014/09/29 v1.1m UTF-8 support for inputenc
   defining Unicode char U+00A2 (decimal 162)
   defining Unicode char U+00A3 (decimal 163)
   defining Unicode char U+00A4 (decimal 164)
   defining Unicode char U+00A5 (decimal 165)
   defining Unicode char U+00A6 (decimal 166)
   defining Unicode char U+00A7 (decimal 167)
   defining Unicode char U+00A8 (decimal 168)
   defining Unicode char U+00A9 (decimal 169)
   defining Unicode char U+00AA (decimal 170)
   defining Unicode char U+00AC (decimal 172)
   defining Unicode char U+00AE (decimal 174)
   defining Unicode char U+00AF (decimal 175)
   defining Unicode char U+00B0 (decimal 176)
   defining Unicode char U+00B1 (decimal 177)
   defining Unicode char U+00B2 (decimal 178)
   defining Unicode char U+00B3 (decimal 179)
   defining Unicode char U+00B4 (decimal 180)
   defining Unicode char U+00B5 (decimal 181)
   defining Unicode char U+00B6 (decimal 182)
   defining Unicode char U+00B7 (decimal 183)
   defining Unicode char U+00B9 (decimal 185)
   defining Unicode char U+00BA (decimal 186)
   defining Unicode char U+00BC (decimal 188)
   defining Unicode char U+00BD (decimal 189)
   defining Unicode char U+00BE (decimal 190)
   defining Unicode char U+00D7 (decimal 215)
   defining Unicode char U+00F7 (decimal 247)
   defining Unicode char U+0192 (decimal 402)
   defining Unicode char U+02C7 (decimal 711)
   defining Unicode char U+02D8 (decimal 728)
   defining Unicode char U+02DD (decimal 733)
   defining Unicode char U+0E3F (decimal 3647)
   defining Unicode char U+2016 (decimal 8214)
   defining Unicode char U+2020 (decimal 8224)
   defining Unicode char U+2021 (decimal 8225)
   defining Unicode char U+2022 (decimal 8226)
   defining Unicode char U+2030 (decimal 8240)
   defining Unicode char U+2031 (decimal 8241)
   defining Unicode char U+203B (decimal 8251)
   defining Unicode char U+203D (decimal 8253)
   defining Unicode char U+2044 (decimal 8260)
   defining Unicode char U+204E (decimal 8270)
   defining Unicode char U+2052 (decimal 8274)
   defining Unicode char U+20A1 (decimal 8353)
   defining Unicode char U+20A4 (decimal 8356)
   defining Unicode char U+20A6 (decimal 8358)
   defining Unicode char U+20A9 (decimal 8361)
   defining Unicode char U+20AB (decimal 8363)
   defining Unicode char U+20AC (decimal 8364)
   defining Unicode char U+20B1 (decimal 8369)
   defining Unicode char U+2103 (decimal 8451)
   defining Unicode char U+2116 (decimal 8470)
   defining Unicode char U+2117 (decimal 8471)
   defining Unicode char U+211E (decimal 8478)
   defining Unicode char U+2120 (decimal 8480)
   defining Unicode char U+2122 (decimal 8482)
   defining Unicode char U+2126 (decimal 8486)
   defining Unicode char U+2127 (decimal 8487)
   defining Unicode char U+212E (decimal 8494)
   defining Unicode char U+2190 (decimal 8592)
   defining Unicode char U+2191 (decimal 8593)
   defining Unicode char U+2192 (decimal 8594)
   defining Unicode char U+2193 (decimal 8595)
   defining Unicode char U+2329 (decimal 9001)
   defining Unicode char U+232A (decimal 9002)
   defining Unicode char U+2422 (decimal 9250)
   defining Unicode char U+25E6 (decimal 9702)
   defining Unicode char U+25EF (decimal 9711)
   defining Unicode char U+266A (decimal 9834)
))
LaTeX Info: Redefining \oldstylenums on input line 334.
Package textcomp Info: Setting cmr sub-encoding to TS1/0 on input line 349.
Package textcomp Info: Setting cmss sub-encoding to TS1/0 on input line 350.
Package textcomp Info: Setting cmtt sub-encoding to TS1/0 on input line 351.
Package textcomp Info: Setting cmvtt sub-encoding to TS1/0 on input line 352.
Package textcomp Info: Setting cmbr sub-encoding to TS1/0 on input line 353.
Package textcomp Info: Setting cmtl sub-encoding to TS1/0 on input line 354.
Package textcomp Info: Setting ccr sub-encoding to TS1/0 on input line 355.
Package textcomp Info: Setting ptm sub-encoding to TS1/4 on input line 356.
Package textcomp Info: Setting pcr sub-encoding to TS1/4 on input line 357.
Package textcomp Info: Setting phv sub-encoding to TS1/4 on input line 358.
Package textcomp Info: Setting ppl sub-encoding to TS1/3 on input line 359.
Package textcomp Info: Setting pag sub-encoding to TS1/4 on input line 360.
Package textcomp Info: Setting pbk sub-encoding to TS1/4 on input line 361.
Package textcomp Info: Setting pnc sub-encoding to TS1/4 on input line 362.
Package textcomp Info: Setting pzc sub-encoding to TS1/4 on input line 363.
Package textcomp Info: Setting bch sub-encoding to TS1/4 on input line 364.
Package textcomp Info: Setting put sub-encoding to TS1/5 on input line 365.
Package textcomp Info: Setting uag sub-encoding to TS1/5 on input line 366.
Package textcomp Info: Setting ugq sub-encoding to TS1/5 on input line 367.
Package textcomp Info: Setting ul8 sub-encoding to TS1/4 on input line 368.
Package textcomp Info: Setting ul9 sub-encoding to TS1/4 on input line 369.
Package textcomp Info: Setting augie sub-encoding to TS1/5 on input line 370.
Package textcomp Info: Setting dayrom sub-encoding to TS1/3 on input line 371.
Package textcomp Info: Setting dayroms sub-encoding to TS1/3 on input line 372.

Package textcomp Info: Setting pxr sub-encoding to TS1/0 on input line 373.
Package textcomp Info: Setting pxss sub-encoding to TS1/0 on input line 374.
Package textcomp Info: Setting pxtt sub-encoding to TS1/0 on input line 375.
Package textcomp Info: Setting txr sub-encoding to TS1/0 on input line 376.
Package textcomp Info: Setting txss sub-encoding to TS1/0 on input line 377.
Package textcomp Info: Setting txtt sub-encoding to TS1/0 on input line 378.
Package textcomp Info: Setting lmr sub-encoding to TS1/0 on input line 379.
Package textcomp Info: Setting lmdh sub-encoding to TS1/0 on input line 380.
Package textcomp Info: Setting lmss sub-encoding to TS1/0 on input line 381.
Package textcomp Info: Setting lmssq sub-encoding to TS1/0 on input line 382.
Package textcomp Info: Setting lmvtt sub-encoding to TS1/0 on input line 383.
Package textcomp Info: Setting lmtt sub-encoding to TS1/0 on input line 384.
Package textcomp Info: Setting qhv sub-encoding to TS1/0 on input line 385.
Package textcomp Info: Setting qag sub-encoding to TS1/0 on input line 386.
Package textcomp Info: Setting qbk sub-encoding to TS1/0 on input line 387.
Package textcomp Info: Setting qcr sub-encoding to TS1/0 on input line 388.
Package textcomp Info: Setting qcs sub-encoding to TS1/0 on input line 389.
Package textcomp Info: Setting qpl sub-encoding to TS1/0 on input line 390.
Package textcomp Info: Setting qtm sub-encoding to TS1/0 on input line 391.
Package textcomp Info: Setting qzc sub-encoding to TS1/0 on input line 392.
Package textcomp Info: Setting qhvc sub-encoding to TS1/0 on input line 393.
Package textcomp Info: Setting futs sub-encoding to TS1/4 on input line 394.
Package textcomp Info: Setting futx sub-encoding to TS1/4 on input line 395.
Package textcomp Info: Setting futj sub-encoding to TS1/4 on input line 396.
Package textcomp Info: Setting hlh sub-encoding to TS1/3 on input line 397.
Package textcomp Info: Setting hls sub-encoding to TS1/3 on input line 398.
Package textcomp Info: Setting hlst sub-encoding to TS1/3 on input line 399.
Package textcomp Info: Setting hlct sub-encoding to TS1/5 on input line 400.
Package textcomp Info: Setting hlx sub-encoding to TS1/5 on input line 401.
Package textcomp Info: Setting hlce sub-encoding to TS1/5 on input line 402.
Package textcomp Info: Setting hlcn sub-encoding to TS1/5 on input line 403.
Package textcomp Info: Setting hlcw sub-encoding to TS1/5 on input line 404.
Package textcomp Info: Setting hlcf sub-encoding to TS1/5 on input line 405.
Package textcomp Info: Setting pplx sub-encoding to TS1/3 on input line 406.
Package textcomp Info: Setting pplj sub-encoding to TS1/3 on input line 407.
Package textcomp Info: Setting ptmx sub-encoding to TS1/4 on input line 408.
Package textcomp Info: Setting ptmj sub-encoding to TS1/4 on input line 409.
)
(/usr/share/texlive/texmf-dist/tex/latex/listings/listings.sty
\lst@mode=\count113
\lst@gtempboxa=\box27
\lst@token=\toks21
\lst@length=\count114
\lst@currlwidth=\dimen149
\lst@column=\count115
\lst@pos=\count116
\lst@lostspace=\dimen150
\lst@width=\dimen151
\lst@newlines=\count117
\lst@lineno=\count118
\lst@maxwidth=\dimen152

(/usr/share/texlive/texmf-dist/tex/latex/listings/lstmisc.sty
File: lstmisc.sty 2015/06/04 1.6 (Carsten Heinz)
\c@lstnumber=\count119
\lst@skipnumbers=\count120
\lst@framebox=\box28
)
(/usr/share/texlive/texmf-dist/tex/latex/listings/listings.cfg
File: listings.cfg 2015/06/04 1.6 listings configuration
))
Package: listings 2015/06/04 1.6 (Carsten Heinz)

(/usr/share/texlive/texmf-dist/tex/latex/quoting/quoting.sty
Package: quoting 2014/01/28 v0.1c Consolidated environment for displayed text
\quo@toppartop=\skip58
)
(/usr/share/texlive/texmf-dist/tex/latex/amsmath/amsmath.sty
Package: amsmath 2013/01/14 v2.14 AMS math features
\@mathmargin=\skip59

For additional information on amsmath, use the `?' option.
(/usr/share/texlive/texmf-dist/tex/latex/amsmath/amstext.sty
Package: amstext 2000/06/29 v2.01

(/usr/share/texlive/texmf-dist/tex/latex/amsmath/amsgen.sty
File: amsgen.sty 1999/11/30 v2.0
\@emptytoks=\toks22
\ex@=\dimen153
))
(/usr/share/texlive/texmf-dist/tex/latex/amsmath/amsbsy.sty
Package: amsbsy 1999/11/29 v1.2d
\pmbraise@=\dimen154
)
(/usr/share/texlive/texmf-dist/tex/latex/amsmath/amsopn.sty
Package: amsopn 1999/12/14 v2.01 operator names
)
\inf@bad=\count121
LaTeX Info: Redefining \frac on input line 210.
\uproot@=\count122
\leftroot@=\count123
LaTeX Info: Redefining \overline on input line 306.
\classnum@=\count124
\DOTSCASE@=\count125
LaTeX Info: Redefining \ldots on input line 378.
LaTeX Info: Redefining \dots on input line 381.
LaTeX Info: Redefining \cdots on input line 466.
\Mathstrutbox@=\box29
\strutbox@=\box30
\big@size=\dimen155
LaTeX Font Info:    Redeclaring font encoding OML on input line 566.
LaTeX Font Info:    Redeclaring font encoding OMS on input line 567.
\macc@depth=\count126
\c@MaxMatrixCols=\count127
\dotsspace@=\muskip10
\c@parentequation=\count128
\dspbrk@lvl=\count129
\tag@help=\toks23
\row@=\count130
\column@=\count131
\maxfields@=\count132
\andhelp@=\toks24
\eqnshift@=\dimen156
\alignsep@=\dimen157
\tagshift@=\dimen158
\tagwidth@=\dimen159
\totwidth@=\dimen160
\lineht@=\dimen161
\@envbody=\toks25
\multlinegap=\skip60
\multlinetaggap=\skip61
\mathdisplay@stack=\toks26
LaTeX Info: Redefining \[ on input line 2665.
LaTeX Info: Redefining \] on input line 2666.
)
(/usr/share/texlive/texmf-dist/tex/latex/amsfonts/amssymb.sty
Package: amssymb 2013/01/14 v3.01 AMS font symbols

(/usr/share/texlive/texmf-dist/tex/latex/amsfonts/amsfonts.sty
Package: amsfonts 2013/01/14 v3.01 Basic AMSFonts support
\symAMSa=\mathgroup6
\symAMSb=\mathgroup7
LaTeX Font Info:    Overwriting math alphabet `\mathfrak' in version `bold'
(Font)                  U/euf/m/n --> U/euf/b/n on input line 106.
))
(/usr/share/texlive/texmf-dist/tex/latex/amscls/amsthm.sty
Package: amsthm 2015/03/04 v2.20.2
\thm@style=\toks27
\thm@bodyfont=\toks28
\thm@headfont=\toks29
\thm@notefont=\toks30
\thm@headpunct=\toks31
\thm@preskip=\skip62
\thm@postskip=\skip63
\thm@headsep=\skip64
\dth@everypar=\toks32
)
(/usr/share/texlive/texmf-dist/tex/latex/tools/varioref.sty
Package: varioref 2014/10/28 v1.5a package for extended references (FMi)
\c@vrcnt=\count133
)
(/usr/share/texlive/texmf-dist/tex/latex/mparhack/mparhack.sty
Package: mparhack 2005/04/17 v1.4 (T. Sgouros and S. Ulrich)
)
(/usr/share/texlive/texmf-dist/tex/latex/base/fixltx2e.sty
Package: fixltx2e 2015/02/21 v2.0a fixes to LaTeX (obsolete)


Package fixltx2e Warning: fixltx2e is not required with releases after 2015
(fixltx2e)                All fixes are now in the LaTeX kernel.
(fixltx2e)                See the latexrelease package for details.

) (/usr/share/texlive/texmf-dist/tex/latex/relsize/relsize.sty
Package: relsize 2013/03/29 ver 4.1
)
(/usr/share/texlive/texmf-dist/tex/latex/braket/braket.sty)
(/usr/share/texlive/texmf-dist/tex/latex/biblatex/biblatex.sty
Package: biblatex 2015/04/19 v3.0 programmable bibliographies (PK/JW/AB)

(/usr/share/texlive/texmf-dist/tex/latex/biblatex/biblatex2.sty
Package: biblatex2 2015/04/19 v3.0 programmable bibliographies (biber) (PK/JW/A
B)

(/usr/share/texlive/texmf-dist/tex/latex/logreq/logreq.sty
Package: logreq 2010/08/04 v1.0 xml request logger
\lrq@indent=\count134

(/usr/share/texlive/texmf-dist/tex/latex/logreq/logreq.def
File: logreq.def 2010/08/04 v1.0 logreq spec v1.0
))
(/usr/share/texlive/texmf-dist/tex/latex/base/ifthen.sty
Package: ifthen 2014/09/29 v1.1c Standard LaTeX ifthen package (DPC)
)
(/usr/share/texlive/texmf-dist/tex/latex/url/url.sty
\Urlmuskip=\muskip11
Package: url 2013/09/16  ver 3.4  Verb mode for urls, etc.
)
\c@tabx@nest=\count135
\c@listtotal=\count136
\c@listcount=\count137
\c@liststart=\count138
\c@liststop=\count139
\c@citecount=\count140
\c@citetotal=\count141
\c@multicitecount=\count142
\c@multicitetotal=\count143
\c@instcount=\count144
\c@maxnames=\count145
\c@minnames=\count146
\c@maxitems=\count147
\c@minitems=\count148
\c@citecounter=\count149
\c@savedcitecounter=\count150
\c@uniquelist=\count151
\c@uniquename=\count152
\c@refsection=\count153
\c@refsegment=\count154
\c@maxextratitle=\count155
\c@maxextratitleyear=\count156
\c@maxextrayear=\count157
\c@maxextraalpha=\count158
\c@abbrvpenalty=\count159
\c@highnamepenalty=\count160
\c@lownamepenalty=\count161
\c@maxparens=\count162
\c@parenlevel=\count163
\blx@tempcnta=\count164
\blx@tempcntb=\count165
\blx@tempcntc=\count166
\blx@maxsection=\count167
\blx@maxsegment@0=\count168
\blx@notetype=\count169
\blx@parenlevel@text=\count170
\blx@parenlevel@foot=\count171
\blx@sectionciteorder@0=\count172
\labelnumberwidth=\skip65
\labelalphawidth=\skip66
\biblabelsep=\skip67
\bibitemsep=\skip68
\bibnamesep=\skip69
\bibinitsep=\skip70
\bibparsep=\skip71
\bibhang=\skip72
\blx@bcfin=\read1
\blx@bcfout=\write3
\c@mincomprange=\count173
\c@maxcomprange=\count174
\c@mincompwidth=\count175
Package biblatex Info: Trying to load biblatex default data model...
Package biblatex Info: ... file 'blx-dm.def' found.

(/usr/share/texlive/texmf-dist/tex/latex/biblatex/blx-dm.def)
Package biblatex Info: Trying to load biblatex style data model...
Package biblatex Info: ... file 'authoryear-comp.dbx' not found.
Package biblatex Info: Trying to load biblatex custom data model...
Package biblatex Info: ... file 'biblatex-dm.cfg' not found.
\c@afterword=\count176
\c@savedafterword=\count177
\c@annotator=\count178
\c@savedannotator=\count179
\c@author=\count180
\c@savedauthor=\count181
\c@bookauthor=\count182
\c@savedbookauthor=\count183
\c@commentator=\count184
\c@savedcommentator=\count185
\c@editor=\count186
\c@savededitor=\count187
\c@editora=\count188
\c@savededitora=\count189
\c@editorb=\count190
\c@savededitorb=\count191
\c@editorc=\count192
\c@savededitorc=\count193
\c@foreword=\count194
\c@savedforeword=\count195
\c@holder=\count196
\c@savedholder=\count197
\c@introduction=\count198
\c@savedintroduction=\count199
\c@namea=\count200
\c@savednamea=\count201
\c@nameb=\count202
\c@savednameb=\count203
\c@namec=\count204
\c@savednamec=\count205
\c@translator=\count206
\c@savedtranslator=\count207
\c@shortauthor=\count208
\c@savedshortauthor=\count209
\c@shorteditor=\count210
\c@savedshorteditor=\count211
\c@labelname=\count212
\c@savedlabelname=\count213
\c@institution=\count214
\c@savedinstitution=\count215
\c@lista=\count216
\c@savedlista=\count217
\c@listb=\count218
\c@savedlistb=\count219
\c@listc=\count220
\c@savedlistc=\count221
\c@listd=\count222
\c@savedlistd=\count223
\c@liste=\count224
\c@savedliste=\count225
\c@listf=\count226
\c@savedlistf=\count227
\c@location=\count228
\c@savedlocation=\count229
\c@organization=\count230
\c@savedorganization=\count231
\c@origlocation=\count232
\c@savedoriglocation=\count233
\c@origpublisher=\count266
\c@savedorigpublisher=\count267
\c@publisher=\count268
\c@savedpublisher=\count269
\c@language=\count270
\c@savedlanguage=\count271
\c@pageref=\count272
\c@savedpageref=\count273
\shorthandwidth=\skip73
\shortjournalwidth=\skip74
\shortserieswidth=\skip75
\shorttitlewidth=\skip76
\shortauthorwidth=\skip77
\shorteditorwidth=\skip78
Package biblatex Info: Trying to load compatibility code...
Package biblatex Info: ... file 'blx-compat.def' found.

(/usr/share/texlive/texmf-dist/tex/latex/biblatex/blx-compat.def
File: blx-compat.def 2015/04/19 v3.0 biblatex compatibility (PK/JW/AB)
)
Package biblatex Info: Trying to load generic definitions...
Package biblatex Info: ... file 'biblatex.def' found.

(/usr/share/texlive/texmf-dist/tex/latex/biblatex/biblatex.def
File: biblatex.def 
\c@textcitecount=\count274
\c@textcitetotal=\count275
\c@textcitemaxnames=\count276
\c@biburlnumpenalty=\count277
\c@biburlucpenalty=\count278
\c@biburllcpenalty=\count279
\c@smartand=\count280
)
Package biblatex Info: Trying to load bibliography style 'authoryear-comp'...
Package biblatex Info: ... file 'authoryear-comp.bbx' found.

(/usr/share/texlive/texmf-dist/tex/latex/biblatex/bbx/authoryear-comp.bbx
File: authoryear-comp.bbx 2015/04/19 v3.0 biblatex bibliography style (PK/JW/AB
)
Package biblatex Info: Trying to load bibliography style 'authoryear'...
Package biblatex Info: ... file 'authoryear.bbx' found.

(/usr/share/texlive/texmf-dist/tex/latex/biblatex/bbx/authoryear.bbx
File: authoryear.bbx 2015/04/19 v3.0 biblatex bibliography style (PK/JW/AB)
Package biblatex Info: Trying to load bibliography style 'standard'...
Package biblatex Info: ... file 'standard.bbx' found.

(/usr/share/texlive/texmf-dist/tex/latex/biblatex/bbx/standard.bbx
File: standard.bbx 2015/04/19 v3.0 biblatex bibliography style (PK/JW/AB)
\c@bbx:relatedcount=\count281
\c@bbx:relatedtotal=\count282
)))
Package biblatex Info: Trying to load citation style 'authoryear-comp'...
Package biblatex Info: ... file 'authoryear-comp.cbx' found.

(/usr/share/texlive/texmf-dist/tex/latex/biblatex/cbx/authoryear-comp.cbx
File: authoryear-comp.cbx 2015/04/19 v3.0 biblatex citation style (PK/JW/AB)
Package biblatex Info: Redefining '\cite'.
Package biblatex Info: Redefining '\parencite'.
Package biblatex Info: Redefining '\footcite'.
Package biblatex Info: Redefining '\footcitetext'.
Package biblatex Info: Redefining '\smartcite'.
Package biblatex Info: Redefining '\textcite'.
Package biblatex Info: Redefining '\textcites'.
Package biblatex Info: Redefining '\cites'.
Package biblatex Info: Redefining '\parencites'.
Package biblatex Info: Redefining '\footcites'.
Package biblatex Info: Redefining '\footcitetexts'.
Package biblatex Info: Redefining '\smartcites'.
)
Package biblatex Info: Trying to load configuration file...
Package biblatex Info: ... file 'biblatex.cfg' found.

(/usr/share/texlive/texmf-dist/tex/latex/biblatex/biblatex.cfg
File: biblatex.cfg 
)))
(/usr/share/texlive/texmf-dist/tex/latex/xcolor/xcolor.sty
Package: xcolor 2007/01/21 v2.11 LaTeX color extensions (UK)

(/usr/share/texlive/texmf-dist/tex/latex/latexconfig/color.cfg
File: color.cfg 2007/01/18 v1.5 color configuration of teTeX/TeXLive
)
Package xcolor Info: Driver file: pdftex.def on input line 225.
Package xcolor Info: Model `cmy' substituted by `cmy0' on input line 1337.
Package xcolor Info: Model `hsb' substituted by `rgb' on input line 1341.
Package xcolor Info: Model `RGB' extended on input line 1353.
Package xcolor Info: Model `HTML' substituted by `rgb' on input line 1355.
Package xcolor Info: Model `Hsb' substituted by `hsb' on input line 1356.
Package xcolor Info: Model `tHsb' substituted by `hsb' on input line 1357.
Package xcolor Info: Model `HSB' substituted by `hsb' on input line 1358.
Package xcolor Info: Model `Gray' substituted by `gray' on input line 1359.
Package xcolor Info: Model `wave' substituted by `hsb' on input line 1360.

(/usr/share/texlive/texmf-dist/tex/latex/xcolor/svgnam.def
File: svgnam.def 2007/01/21 v2.11 Predefined colors according to SVG 1.1 (UK)
))
(/usr/share/texlive/texmf-dist/tex/latex/hyperref/hyperref.sty
Package: hyperref 2012/11/06 v6.83m Hypertext links for LaTeX

(/usr/share/texlive/texmf-dist/tex/generic/oberdiek/hobsub-hyperref.sty
Package: hobsub-hyperref 2012/05/28 v1.13 Bundle oberdiek, subset hyperref (HO)


(/usr/share/texlive/texmf-dist/tex/generic/oberdiek/hobsub-generic.sty
Package: hobsub-generic 2012/05/28 v1.13 Bundle oberdiek, subset generic (HO)
Package: hobsub 2012/05/28 v1.13 Construct package bundles (HO)
Package hobsub Info: Skipping package `infwarerr' (already loaded).
Package hobsub Info: Skipping package `ltxcmds' (already loaded).
Package hobsub Info: Skipping package `ifluatex' (already loaded).
Package hobsub Info: Skipping package `ifvtex' (already loaded).
Package: intcalc 2007/09/27 v1.1 Expandable calculations with integers (HO)
Package hobsub Info: Skipping package `ifpdf' (already loaded).
Package hobsub Info: Skipping package `etexcmds' (already loaded).
Package hobsub Info: Skipping package `kvsetkeys' (already loaded).
Package hobsub Info: Skipping package `kvdefinekeys' (already loaded).
Package hobsub Info: Skipping package `pdftexcmds' (already loaded).
Package: pdfescape 2011/11/25 v1.13 Implements pdfTeX's escape features (HO)
Package: bigintcalc 2012/04/08 v1.3 Expandable calculations on big integers (HO
)
Package: bitset 2011/01/30 v1.1 Handle bit-vector datatype (HO)
Package: uniquecounter 2011/01/30 v1.2 Provide unlimited unique counter (HO)
)
Package hobsub Info: Skipping package `hobsub' (already loaded).
Package: letltxmacro 2010/09/02 v1.4 Let assignment for LaTeX macros (HO)
Package: hopatch 2012/05/28 v1.2 Wrapper for package hooks (HO)
Package: xcolor-patch 2011/01/30 xcolor patch
Package: atveryend 2011/06/30 v1.8 Hooks at the very end of document (HO)
Package: atbegshi 2011/10/05 v1.16 At begin shipout hook (HO)
Package: refcount 2011/10/16 v3.4 Data extraction from label references (HO)
Package: hycolor 2011/01/30 v1.7 Color options for hyperref/bookmark (HO)
)
(/usr/share/texlive/texmf-dist/tex/latex/oberdiek/auxhook.sty
Package: auxhook 2011/03/04 v1.3 Hooks for auxiliary files (HO)
)
\@linkdim=\dimen162
\Hy@linkcounter=\count283
\Hy@pagecounter=\count284

(/usr/share/texlive/texmf-dist/tex/latex/hyperref/pd1enc.def
File: pd1enc.def 2012/11/06 v6.83m Hyperref: PDFDocEncoding definition (HO)
Now handling font encoding PD1 ...
... no UTF-8 mapping file for font encoding PD1
)
\Hy@SavedSpaceFactor=\count285

(/usr/share/texlive/texmf-dist/tex/latex/latexconfig/hyperref.cfg
File: hyperref.cfg 2002/06/06 v1.2 hyperref configuration of TeXLive
)
Package hyperref Info: Hyper figures OFF on input line 4443.
Package hyperref Info: Link nesting OFF on input line 4448.
Package hyperref Info: Hyper index ON on input line 4451.
Package hyperref Info: Plain pages OFF on input line 4458.
Package hyperref Info: Backreferencing OFF on input line 4463.
Package hyperref Info: Implicit mode ON; LaTeX internals redefined.
Package hyperref Info: Bookmarks ON on input line 4688.
\c@Hy@tempcnt=\count286
LaTeX Info: Redefining \url on input line 5041.
\XeTeXLinkMargin=\dimen163
\Fld@menulength=\count287
\Field@Width=\dimen164
\Fld@charsize=\dimen165
Package hyperref Info: Hyper figures OFF on input line 6295.
Package hyperref Info: Link nesting OFF on input line 6300.
Package hyperref Info: Hyper index ON on input line 6303.
Package hyperref Info: backreferencing OFF on input line 6310.
Package hyperref Info: Link coloring OFF on input line 6315.
Package hyperref Info: Link coloring with OCG OFF on input line 6320.
Package hyperref Info: PDF/A mode OFF on input line 6325.
LaTeX Info: Redefining \ref on input line 6365.
LaTeX Info: Redefining \pageref on input line 6369.
\Hy@abspage=\count288
\c@Item=\count289
\c@Hfootnote=\count290
)

Package hyperref Message: Driver (autodetected): hpdftex.

(/usr/share/texlive/texmf-dist/tex/latex/hyperref/hpdftex.def
File: hpdftex.def 2012/11/06 v6.83m Hyperref driver for pdfTeX
\Fld@listcount=\count291
\c@bookmark@seq@number=\count292

(/usr/share/texlive/texmf-dist/tex/latex/oberdiek/rerunfilecheck.sty
Package: rerunfilecheck 2011/04/15 v1.7 Rerun checks for auxiliary files (HO)
Package uniquecounter Info: New unique counter `rerunfilecheck' on input line 2
82.
)
\Hy@SectionHShift=\skip79
)
(/usr/share/texlive/texmf-dist/tex/latex/oberdiek/bookmark.sty
Package: bookmark 2011/12/02 v1.24 PDF bookmarks (HO)

(/usr/share/texlive/texmf-dist/tex/latex/oberdiek/bkm-pdftex.def
File: bkm-pdftex.def 2011/12/02 v1.24 bookmark driver for pdfTeX (HO)
\BKM@id=\count293
))
(/usr/share/texlive/texmf-dist/tex/generic/xint/xinttools.sty
(/usr/share/texlive/texmf-dist/tex/generic/xint/xintkernel.sty
Package: xintkernel 2014/11/07 v1.1a Paraphernalia for the xint packages (jfB)
)
Package: xinttools 2014/11/07 v1.1a Expandable and non-expandable utilities (jf
B)
\XINT_toks=\toks33
)
(/usr/share/texlive/texmf-dist/tex/latex/bera/beramono.sty
Package: beramono 2004/01/31 (WaS)
)
(/usr/share/texlive/texmf-dist/tex/latex/changepage/chngpage.sty
Package: chngpage 2009/10/20 v1.2b change page layout
\c@cp@cnt=\count294
\c@cp@tempcnt=\count295
)
(./impostazioni-articolo.tex
\c@definizione=\count296
\c@teorema=\count297
\c@legge=\count298
\c@murphy=\count299

(/usr/share/texlive/texmf-dist/tex/latex/listings/lstlang1.sty
File: lstlang1.sty 2015/06/04 1.6 listings language file
)
(/usr/share/texlive/texmf-dist/tex/latex/listings/lstlang1.sty
File: lstlang1.sty 2015/06/04 1.6 listings language file
)
(/usr/share/texlive/texmf-dist/tex/latex/listings/lstlang1.sty
File: lstlang1.sty 2015/06/04 1.6 listings language file
)
(/usr/share/texlive/texmf-dist/tex/latex/listings/lstmisc.sty
File: lstmisc.sty 2015/06/04 1.6 (Carsten Heinz)
)

Package hyperref Warning: Option `hyperfootnotes' has already been used,
(hyperref)                setting the option has no effect on input line 105.


Package hyperref Warning: Option `pdfpagelabels' has already been used,
(hyperref)                setting the option has no effect on input line 105.

Package hyperref Info: Option `colorlinks' set `true' on input line 105.
Package hyperref Info: Option `linktocpage' set `true' on input line 105.
Package hyperref Info: Option `breaklinks' set `true' on input line 105.
Package hyperref Info: Option `pageanchor' set `true' on input line 105.
Package hyperref Info: Option `plainpages' set `false' on input line 105.
Package hyperref Info: Option `bookmarksnumbered' set `true' on input line 105.

Package hyperref Info: Option `bookmarksopen' set `true' on input line 105.
Package hyperref Info: Option `hypertexnames' set `true' on input line 105.
)
Package biblatex Info: Trying to load language 'italian'...
Package biblatex Info: ... file 'italian.lbx' found.
 (/usr/share/texlive/texmf-dist/tex/latex/biblatex/lbx/italian.lbx
File: italian.lbx 2015/04/19 v3.0 biblatex localization (PK/JW/AB)
)

Package biblatex Warning: 'babel/polyglossia' detected but 'csquotes' missing.
(biblatex)                Loading 'csquotes' recommended.

\@quotelevel=\count300
\@quotereset=\count301
(./Relazione.aux)
\openout1 = `Relazione.aux'.

LaTeX Font Info:    Checking defaults for OML/cmm/m/it on input line 72.
LaTeX Font Info:    ... okay on input line 72.
LaTeX Font Info:    Checking defaults for T1/cmr/m/n on input line 72.
LaTeX Font Info:    ... okay on input line 72.
LaTeX Font Info:    Checking defaults for OT1/cmr/m/n on input line 72.
LaTeX Font Info:    ... okay on input line 72.
LaTeX Font Info:    Checking defaults for OMS/pzccm/m/n on input line 72.
LaTeX Font Info:    Try loading font information for OMS+pzccm on input line 72
.
 (/usr/share/texlive/texmf-dist/tex/latex/psnfss/omspzccm.fd
File: omspzccm.fd 2000/01/03 Fontinst v1.801 font definitions for OMS/pzccm.
)
LaTeX Font Info:    ... okay on input line 72.
LaTeX Font Info:    Checking defaults for OMX/cmex/m/n on input line 72.
LaTeX Font Info:    ... okay on input line 72.
LaTeX Font Info:    Checking defaults for U/cmr/m/n on input line 72.
LaTeX Font Info:    ... okay on input line 72.
LaTeX Font Info:    Checking defaults for TS1/cmr/m/n on input line 72.
LaTeX Font Info:    Try loading font information for TS1+cmr on input line 72.

(/usr/share/texlive/texmf-dist/tex/latex/base/ts1cmr.fd
File: ts1cmr.fd 2014/09/29 v2.5h Standard LaTeX font definitions
)
LaTeX Font Info:    ... okay on input line 72.
LaTeX Font Info:    Checking defaults for PD1/pdf/m/n on input line 72.
LaTeX Font Info:    ... okay on input line 72.
LaTeX Info: Redefining \it@ocap on input line 72.
LaTeX Info: Redefining \it@ccap on input line 72.

*geometry* driver: auto-detecting
*geometry* detected driver: pdftex
*geometry* verbose mode - [ preamble ] result:
* driver: pdftex
* paper: a4paper
* layout: <same size as paper>
* layoutoffset:(h,v)=(0.0pt,0.0pt)
* bindingoffset: 14.22636pt
* modes: 
* h-part:(L,W,R)=(88.75394pt, 420.0pt, 74.52757pt)
* v-part:(T,H,B)=(68.5425pt, 679.57123pt, 96.93312pt)
* \paperwidth=597.50787pt
* \paperheight=845.04684pt
* \textwidth=420.0pt
* \textheight=679.57123pt
* \oddsidemargin=30.71031pt
* \evensidemargin=16.48395pt
* \topmargin=-40.7275pt
* \headheight=12.0pt
* \headsep=25.0pt
* \topskip=12.0pt
* \footskip=30.0pt
* \marginparwidth=35.0pt
* \marginparsep=10.0pt
* \columnsep=10.0pt
* \skip\footins=10.8pt plus 4.0pt minus 2.0pt
* \hoffset=0.0pt
* \voffset=0.0pt
* \mag=1000
* \@twocolumnfalse
* \@twosidefalse
* \@mparswitchfalse
* \@reversemarginfalse
* (1in=72.27pt=25.4mm, 1cm=28.453pt)

(/usr/share/texlive/texmf-dist/tex/context/base/supp-pdf.mkii
[Loading MPS to PDF converter (version 2006.09.02).]
\scratchcounter=\count302
\scratchdimen=\dimen166
\scratchbox=\box31
\nofMPsegments=\count303
\nofMParguments=\count304
\everyMPshowfont=\toks34
\MPscratchCnt=\count305
\MPscratchDim=\dimen167
\MPnumerator=\count306
\makeMPintoPDFobject=\count307
\everyMPtoPDFconversion=\toks35
)
Package caption Info: Begin \AtBeginDocument code.
Package caption Info: subfig package v1.3 is loaded.
Package caption Info: hyperref package is loaded.
Package caption Info: listings package is loaded.
Package caption Info: wrapfig package is loaded.
Package caption Info: End \AtBeginDocument code.
\c@lstlisting=\count308
Package biblatex Info: Input encoding 'utf8' detected.
Package biblatex Info: Automatic encoding selection.
(biblatex)             Assuming data encoding 'utf8'.
\openout3 = `Relazione.bcf'.

Package biblatex Info: Trying to load bibliographic data...
Package biblatex Info: ... file 'Relazione.bbl' found.
 (./Relazione.bbl)
Package biblatex Info: Reference section=0 on input line 72.
Package biblatex Info: Reference segment=0 on input line 72.
\AtBeginShipoutBox=\box32
Package hyperref Info: Link coloring ON on input line 72.

(/usr/share/texlive/texmf-dist/tex/latex/hyperref/nameref.sty
Package: nameref 2012/10/27 v2.43 Cross-referencing by name of section

(/usr/share/texlive/texmf-dist/tex/generic/oberdiek/gettitlestring.sty
Package: gettitlestring 2010/12/03 v1.4 Cleanup title references (HO)
)
\c@section@level=\count309
LaTeX Info: Redefining \Ref on input line 513.
)
LaTeX Info: Redefining \ref on input line 72.
LaTeX Info: Redefining \pageref on input line 72.
LaTeX Info: Redefining \nameref on input line 72.
LaTeX Info: Redefining \Ref on input line 72.

(./MaterialeInizialeFinale/Sommario+Abstract.tex
LaTeX Font Info:    Font shape `T1/ptm/bx/n' in size <17.28> not available
(Font)              Font shape `T1/ptm/b/n' tried instead on input line 11.
LaTeX Font Info:    Font shape `T1/ptm/bx/n' in size <12> not available
(Font)              Font shape `T1/ptm/b/n' tried instead on input line 18.
) [1{/var/lib/texmf/fonts/map/pdftex/updmap/pdftex.map}

] (./MaterialeInizialeFinale/Indici.tex
(./Relazione.toc
LaTeX Font Info:    Font shape `T1/ptm/bx/it' in size <12> not available
(Font)              Font shape `T1/ptm/b/it' tried instead on input line 7.
LaTeX Font Info:    Try loading font information for OT1+ptmcm on input line 9.

 (/usr/share/texlive/texmf-dist/tex/latex/psnfss/ot1ptmcm.fd
File: ot1ptmcm.fd 2000/01/03 Fontinst v1.801 font definitions for OT1/ptmcm.
)
LaTeX Font Info:    Try loading font information for OML+ptmcm on input line 9.


(/usr/share/texlive/texmf-dist/tex/latex/psnfss/omlptmcm.fd
File: omlptmcm.fd 2000/01/03 Fontinst v1.801 font definitions for OML/ptmcm.
)
LaTeX Font Info:    Try loading font information for OMX+psycm on input line 9.


(/usr/share/texlive/texmf-dist/tex/latex/psnfss/omxpsycm.fd
File: omxpsycm.fd 2000/01/03 Fontinst v1.801 font definitions for OMX/psycm.
)
LaTeX Font Info:    Font shape `OT1/ptm/bx/n' in size <12> not available
(Font)              Font shape `OT1/ptm/b/n' tried instead on input line 9.
LaTeX Font Info:    Font shape `OT1/ptm/bx/n' in size <9> not available
(Font)              Font shape `OT1/ptm/b/n' tried instead on input line 9.
LaTeX Font Info:    Font shape `OT1/ptm/bx/n' in size <7> not available
(Font)              Font shape `OT1/ptm/b/n' tried instead on input line 9.
LaTeX Font Info:    Try loading font information for U+msa on input line 9.

(/usr/share/texlive/texmf-dist/tex/latex/amsfonts/umsa.fd
File: umsa.fd 2013/01/14 v3.01 AMS symbols A
)
LaTeX Font Info:    Try loading font information for U+msb on input line 9.

(/usr/share/texlive/texmf-dist/tex/latex/amsfonts/umsb.fd
File: umsb.fd 2013/01/14 v3.01 AMS symbols B
))
\tf@toc=\write4
\openout4 = `Relazione.toc'.

 [2]
(./Relazione.lof)
\tf@lof=\write5
\openout5 = `Relazione.lof'.

) [3

] (./Paragrafi/Teoria.tex
LaTeX Font Info:    Font shape `T1/ptm/bx/it' in size <17.28> not available
(Font)              Font shape `T1/ptm/b/it' tried instead on input line 7.
LaTeX Font Info:    Font shape `T1/ptm/bx/n' in size <14.4> not available
(Font)              Font shape `T1/ptm/b/n' tried instead on input line 14.
LaTeX Font Info:    Try loading font information for TS1+ptm on input line 24.

(/usr/share/texlive/texmf-dist/tex/latex/psnfss/ts1ptm.fd
File: ts1ptm.fd 2001/06/04 font definitions for TS1/ptm.
) [4] [5]
Package epstopdf Info: Source file: <./Immagini/Teoria/zoomring.eps>
(epstopdf)                    date: 2016-03-03 13:41:25
(epstopdf)                    size: 644228 bytes
(epstopdf)             Output file: <./Immagini/Teoria/zoomring-eps-converted-t
o.pdf>
(epstopdf)                    date: 2016-03-08 17:11:58
(epstopdf)                    size: 561693 bytes
(epstopdf)             Command: <repstopdf --outfile=./Immagini/Teoria/zoomring
-eps-converted-to.pdf ./Immagini/Teoria/zoomring.eps>
(epstopdf)             \includegraphics on input line 83.
Package epstopdf Info: Output file is already uptodate.

<./Immagini/Teoria/zoomring-eps-converted-to.pdf, id=96, 951.555pt x 897.3525pt
>
File: ./Immagini/Teoria/zoomring-eps-converted-to.pdf Graphic file (type pdf)
 <use ./Immagini/Teoria/zoomring-eps-converted-to.pdf>
Package pdftex.def Info: ./Immagini/Teoria/zoomring-eps-converted-to.pdf used o
n input line 83.
(pdftex.def)             Requested size: 210.0pt x 198.03432pt.
LaTeX Font Info:    Font shape `T1/ptm/bx/n' in size <10.95> not available
(Font)              Font shape `T1/ptm/b/n' tried instead on input line 84.
Package epstopdf Info: Source file: <./Immagini/Teoria/ringnet.eps>
(epstopdf)                    date: 2016-03-03 13:46:52
(epstopdf)                    size: 22710 bytes
(epstopdf)             Output file: <./Immagini/Teoria/ringnet-eps-converted-to
.pdf>
(epstopdf)                    date: 2016-03-08 16:54:45
(epstopdf)                    size: 13320 bytes
(epstopdf)             Command: <repstopdf --outfile=./Immagini/Teoria/ringnet-
eps-converted-to.pdf ./Immagini/Teoria/ringnet.eps>
(epstopdf)             \includegraphics on input line 93.
Package epstopdf Info: Output file is already uptodate.

<./Immagini/Teoria/ringnet-eps-converted-to.pdf, id=97, 650.43pt x 650.43pt>
File: ./Immagini/Teoria/ringnet-eps-converted-to.pdf Graphic file (type pdf)

<use ./Immagini/Teoria/ringnet-eps-converted-to.pdf>
Package pdftex.def Info: ./Immagini/Teoria/ringnet-eps-converted-to.pdf used on
 input line 93.
(pdftex.def)             Requested size: 167.99744pt x 167.99623pt.
LaTeX Font Info:    Font shape `T1/ptm/bx/n' in size <10> not available
(Font)              Font shape `T1/ptm/b/n' tried instead on input line 93.
LaTeX Font Info:    Font shape `OT1/ptm/bx/n' in size <10> not available
(Font)              Font shape `OT1/ptm/b/n' tried instead on input line 93.
LaTeX Font Info:    Font shape `OT1/ptm/bx/n' in size <7.4> not available
(Font)              Font shape `OT1/ptm/b/n' tried instead on input line 93.
LaTeX Font Info:    Font shape `OT1/ptm/bx/n' in size <6> not available
(Font)              Font shape `OT1/ptm/b/n' tried instead on input line 93.
Package epstopdf Info: Source file: <./Immagini/Teoria/smallworld.eps>
(epstopdf)                    date: 2016-03-03 13:44:10
(epstopdf)                    size: 22718 bytes
(epstopdf)             Output file: <./Immagini/Teoria/smallworld-eps-converted
-to.pdf>
(epstopdf)                    date: 2016-03-08 18:16:49
(epstopdf)                    size: 13331 bytes
(epstopdf)             Command: <repstopdf --outfile=./Immagini/Teoria/smallwor
ld-eps-converted-to.pdf ./Immagini/Teoria/smallworld.eps>
(epstopdf)             \includegraphics on input line 96.
Package epstopdf Info: Output file is already uptodate.

<./Immagini/Teoria/smallworld-eps-converted-to.pdf, id=98, 650.43pt x 650.43pt>
File: ./Immagini/Teoria/smallworld-eps-converted-to.pdf Graphic file (type pdf)

<use ./Immagini/Teoria/smallworld-eps-converted-to.pdf>
Package pdftex.def Info: ./Immagini/Teoria/smallworld-eps-converted-to.pdf used
 on input line 96.
(pdftex.def)             Requested size: 167.99744pt x 167.99623pt.
Package epstopdf Info: Source file: <./Immagini/Teoria/random-smallworld.eps>
(epstopdf)                    date: 2016-03-08 17:38:12
(epstopdf)                    size: 28172 bytes
(epstopdf)             Output file: <./Immagini/Teoria/random-smallworld-eps-co
nverted-to.pdf>
(epstopdf)                    date: 2016-03-08 18:16:49
(epstopdf)                    size: 16435 bytes
(epstopdf)             Command: <repstopdf --outfile=./Immagini/Teoria/random-s
mallworld-eps-converted-to.pdf ./Immagini/Teoria/random-smallworld.eps>
(epstopdf)             \includegraphics on input line 99.
Package epstopdf Info: Output file is already uptodate.

<./Immagini/Teoria/random-smallworld-eps-converted-to.pdf, id=99, 650.43pt x 65
0.43pt>
File: ./Immagini/Teoria/random-smallworld-eps-converted-to.pdf Graphic file (ty
pe pdf)
 <use ./Immagini/Teoria/random-smallworld-eps-converted-to.pdf>
Package pdftex.def Info: ./Immagini/Teoria/random-smallworld-eps-converted-to.p
df used on input line 99.
(pdftex.def)             Requested size: 167.99744pt x 167.99623pt.
Package epstopdf Info: Source file: <./Immagini/Teoria/totalrandomwatts.eps>
(epstopdf)                    date: 2016-03-08 17:31:18
(epstopdf)                    size: 28151 bytes
(epstopdf)             Output file: <./Immagini/Teoria/totalrandomwatts-eps-con
verted-to.pdf>
(epstopdf)                    date: 2016-03-08 18:18:19
(epstopdf)                    size: 16495 bytes
(epstopdf)             Command: <repstopdf --outfile=./Immagini/Teoria/totalran
domwatts-eps-converted-to.pdf ./Immagini/Teoria/totalrandomwatts.eps>
(epstopdf)             \includegraphics on input line 102.
Package epstopdf Info: Output file is already uptodate.

<./Immagini/Teoria/totalrandomwatts-eps-converted-to.pdf, id=100, 650.43pt x 65
0.43pt>
File: ./Immagini/Teoria/totalrandomwatts-eps-converted-to.pdf Graphic file (typ
e pdf)
 <use ./Immagini/Teoria/totalrandomwatts-eps-converted-to.pdf>
Package pdftex.def Info: ./Immagini/Teoria/totalrandomwatts-eps-converted-to.pd
f used on input line 102.
(pdftex.def)             Requested size: 167.99744pt x 167.99623pt.
LaTeX Font Info:    Font shape `OT1/ptm/bx/n' in size <10.95> not available
(Font)              Font shape `OT1/ptm/b/n' tried instead on input line 103.
LaTeX Font Info:    Font shape `OT1/ptm/bx/n' in size <8> not available
(Font)              Font shape `OT1/ptm/b/n' tried instead on input line 103.
 [6]
Package epstopdf Info: Source file: <./Immagini/Teoria/Erdosmodel.eps>
(epstopdf)                    date: 2016-03-08 17:56:20
(epstopdf)                    size: 3350287 bytes
(epstopdf)             Output file: <./Immagini/Teoria/Erdosmodel-eps-converted
-to.pdf>
(epstopdf)                    date: 2016-03-08 18:16:51
(epstopdf)                    size: 3610076 bytes
(epstopdf)             Command: <repstopdf --outfile=./Immagini/Teoria/Erdosmod
el-eps-converted-to.pdf ./Immagini/Teoria/Erdosmodel.eps>
(epstopdf)             \includegraphics on input line 113.
Package epstopdf Info: Output file is already uptodate.

<./Immagini/Teoria/Erdosmodel-eps-converted-to.pdf, id=108, 889.3225pt x 953.56
25pt>
File: ./Immagini/Teoria/Erdosmodel-eps-converted-to.pdf Graphic file (type pdf)

 <use ./Immagini/Teoria/Erdosmodel-eps-converted-to.pdf>
Package pdftex.def Info: ./Immagini/Teoria/Erdosmodel-eps-converted-to.pdf used
 on input line 113.
(pdftex.def)             Requested size: 126.00128pt x 135.09836pt.
Package epstopdf Info: Source file: <./Immagini/Teoria/Wattsmodel.eps>
(epstopdf)                    date: 2016-03-08 17:56:20
(epstopdf)                    size: 3171365 bytes
(epstopdf)             Output file: <./Immagini/Teoria/Wattsmodel-eps-converted
-to.pdf>
(epstopdf)                    date: 2016-03-08 18:16:53
(epstopdf)                    size: 3406077 bytes
(epstopdf)             Command: <repstopdf --outfile=./Immagini/Teoria/Wattsmod
el-eps-converted-to.pdf ./Immagini/Teoria/Wattsmodel.eps>
(epstopdf)             \includegraphics on input line 116.
Package epstopdf Info: Output file is already uptodate.

<./Immagini/Teoria/Wattsmodel-eps-converted-to.pdf, id=109, 953.5625pt x 949.54
75pt>
File: ./Immagini/Teoria/Wattsmodel-eps-converted-to.pdf Graphic file (type pdf)

 <use ./Immagini/Teoria/Wattsmodel-eps-converted-to.pdf>
Package pdftex.def Info: ./Immagini/Teoria/Wattsmodel-eps-converted-to.pdf used
 on input line 116.
(pdftex.def)             Requested size: 126.00128pt x 125.45946pt.
Package epstopdf Info: Source file: <./Immagini/Teoria/ComparGradeModel.eps>
(epstopdf)                    date: 2016-03-09 00:27:20
(epstopdf)                    size: 39627 bytes
(epstopdf)             Output file: <./Immagini/Teoria/ComparGradeModel-eps-con
verted-to.pdf>
(epstopdf)                    date: 2016-03-09 09:40:59
(epstopdf)                    size: 16636 bytes
(epstopdf)             Command: <repstopdf --outfile=./Immagini/Teoria/ComparGr
adeModel-eps-converted-to.pdf ./Immagini/Teoria/ComparGradeModel.eps>
(epstopdf)             \includegraphics on input line 119.
Package epstopdf Info: Output file is already uptodate.

<./Immagini/Teoria/ComparGradeModel-eps-converted-to.pdf, id=110, 710.655pt x 5
48.0475pt>
File: ./Immagini/Teoria/ComparGradeModel-eps-converted-to.pdf Graphic file (typ
e pdf)
 <use ./Immagini/Teoria/ComparGradeModel-eps-converted-to.pdf>
Package pdftex.def Info: ./Immagini/Teoria/ComparGradeModel-eps-converted-to.pd
f used on input line 119.
(pdftex.def)             Requested size: 336.00128pt x 259.12943pt.

[7 <./Immagini/Teoria/zoomring-eps-converted-to.pdf>]
Package epstopdf Info: Source file: <./Immagini/Teoria/confrontoC.eps>
(epstopdf)                    date: 2016-03-08 18:11:15
(epstopdf)                    size: 8210 bytes
(epstopdf)             Output file: <./Immagini/Teoria/confrontoC-eps-converted
-to.pdf>
(epstopdf)                    date: 2016-03-08 20:15:00
(epstopdf)                    size: 7135 bytes
(epstopdf)             Command: <repstopdf --outfile=./Immagini/Teoria/confront
oC-eps-converted-to.pdf ./Immagini/Teoria/confrontoC.eps>
(epstopdf)             \includegraphics on input line 134.
Package epstopdf Info: Output file is already uptodate.

<./Immagini/Teoria/confrontoC-eps-converted-to.pdf, id=507, 569.12625pt x 426.5
9375pt>
File: ./Immagini/Teoria/confrontoC-eps-converted-to.pdf Graphic file (type pdf)

 <use ./Immagini/Teoria/confrontoC-eps-converted-to.pdf>
Package pdftex.def Info: ./Immagini/Teoria/confrontoC-eps-converted-to.pdf used
 on input line 134.
(pdftex.def)             Requested size: 252.00256pt x 188.89302pt.
 [8 <./Immagini/Teoria/ringnet-eps-converted-to.pdf> <./Immagini/Teoria/smallwo
rld-eps-converted-to.pdf> <./Immagini/Teoria/random-smallworld-eps-converted-to
.pdf> <./Immagini/Teoria/totalrandomwatts-eps-converted-to.pdf>] [9 <./Immagini
/Teoria/Erdosmodel-eps-converted-to.pdf> <./Immagini/Teoria/Wattsmodel-eps-conv
erted-to.pdf> <./Immagini/Teoria/ComparGradeModel-eps-converted-to.pdf>] [10 <.
/Immagini/Teoria/confrontoC-eps-converted-to.pdf>]
Package epstopdf Info: Source file: <./Immagini/Teoria/compareSameN.eps>
(epstopdf)                    date: 2016-03-08 21:14:14
(epstopdf)                    size: 51299 bytes
(epstopdf)             Output file: <./Immagini/Teoria/compareSameN-eps-convert
ed-to.pdf>
(epstopdf)                    date: 2016-03-08 21:14:23
(epstopdf)                    size: 19608 bytes
(epstopdf)             Command: <repstopdf --outfile=./Immagini/Teoria/compareS
ameN-eps-converted-to.pdf ./Immagini/Teoria/compareSameN.eps>
(epstopdf)             \includegraphics on input line 169.
Package epstopdf Info: Output file is already uptodate.

<./Immagini/Teoria/compareSameN-eps-converted-to.pdf, id=599, 934.49126pt x 548
.0475pt>
File: ./Immagini/Teoria/compareSameN-eps-converted-to.pdf Graphic file (type pd
f)
 <use ./Immagini/Teoria/compareSameN-eps-converted-to.pdf>
Package pdftex.def Info: ./Immagini/Teoria/compareSameN-eps-converted-to.pdf us
ed on input line 169.
(pdftex.def)             Requested size: 377.99744pt x 221.68205pt.
 [11 <./Immagini/Teoria/compareSameN-eps-converted-to.pdf>]

LaTeX Warning: Reference `subsec:simulazione' on page 12 undefined on input lin
e 185.

[12] [13] <./Immagini/Teoria/banale.pdf, id=635, 372.07457pt x 301.25674pt>
File: ./Immagini/Teoria/banale.pdf Graphic file (type pdf)

<use ./Immagini/Teoria/banale.pdf>
Package pdftex.def Info: ./Immagini/Teoria/banale.pdf used on input line 238.
(pdftex.def)             Requested size: 167.99744pt x 136.02396pt.

<./Immagini/Teoria/nonbanale.pdf, id=636, 372.07457pt x 302.06755pt>
File: ./Immagini/Teoria/nonbanale.pdf Graphic file (type pdf)

<use ./Immagini/Teoria/nonbanale.pdf>
Package pdftex.def Info: ./Immagini/Teoria/nonbanale.pdf used on input line 241
.
(pdftex.def)             Requested size: 167.99744pt x 136.39005pt.
 [14 <./Immagini/Teoria/banale.pdf> <./Immagini/Teoria/nonbanale.pdf

pdfTeX warning: /usr/bin/pdflatex (file ./Immagini/Teoria/nonbanale.pdf): PDF i
nclusion: multiple pdfs with page group included in a single page
>]) (./Paragrafi/Dati.tex) (./Paragrafi/Attack.tex [15

]
Package epstopdf Info: Source file: <./Immagini/Attack/gToolFailureGC_Final.eps
>
(epstopdf)                    date: 2016-03-13 13:56:21
(epstopdf)                    size: 41381 bytes
(epstopdf)             Output file: <./Immagini/Attack/gToolFailureGC_Final-eps
-converted-to.pdf>
(epstopdf)                    date: 2016-03-13 20:43:03
(epstopdf)                    size: 76595 bytes
(epstopdf)             Command: <repstopdf --outfile=./Immagini/Attack/gToolFai
lureGC_Final-eps-converted-to.pdf ./Immagini/Attack/gToolFailureGC_Final.eps>
(epstopdf)             \includegraphics on input line 61.
Package epstopdf Info: Output file is already uptodate.

<./Immagini/Attack/gToolFailureGC_Final-eps-converted-to.pdf, id=664, 865.2325p
t x 650.43pt>
File: ./Immagini/Attack/gToolFailureGC_Final-eps-converted-to.pdf Graphic file 
(type pdf)

<use ./Immagini/Attack/gToolFailureGC_Final-eps-converted-to.pdf>
Package pdftex.def Info: ./Immagini/Attack/gToolFailureGC_Final-eps-converted-t
o.pdf used on input line 61.
(pdftex.def)             Requested size: 193.20282pt x 145.23878pt.
Package epstopdf Info: Source file: <./Immagini/Attack/gToolFailureC_Final.eps>

(epstopdf)                    date: 2016-03-13 13:56:21
(epstopdf)                    size: 41299 bytes
(epstopdf)             Output file: <./Immagini/Attack/gToolFailureC_Final-eps-
converted-to.pdf>
(epstopdf)                    date: 2016-03-13 20:43:04
(epstopdf)                    size: 88218 bytes
(epstopdf)             Command: <repstopdf --outfile=./Immagini/Attack/gToolFai
lureC_Final-eps-converted-to.pdf ./Immagini/Attack/gToolFailureC_Final.eps>
(epstopdf)             \includegraphics on input line 64.
Package epstopdf Info: Output file is already uptodate.

<./Immagini/Attack/gToolFailureC_Final-eps-converted-to.pdf, id=665, 865.2325pt
 x 650.43pt>
File: ./Immagini/Attack/gToolFailureC_Final-eps-converted-to.pdf Graphic file (
type pdf)
 <use ./Immagini/Attack/gToolFailureC_Final-eps-converted-to.pdf>
Package pdftex.def Info: ./Immagini/Attack/gToolFailureC_Final-eps-converted-to
.pdf used on input line 64.
(pdftex.def)             Requested size: 193.20282pt x 145.23878pt.
Package epstopdf Info: Source file: <./Immagini/Attack/gToolFailurel_Final.eps>

(epstopdf)                    date: 2016-03-13 13:56:21
(epstopdf)                    size: 42593 bytes
(epstopdf)             Output file: <./Immagini/Attack/gToolFailurel_Final-eps-
converted-to.pdf>
(epstopdf)                    date: 2016-03-13 20:43:04
(epstopdf)                    size: 89200 bytes
(epstopdf)             Command: <repstopdf --outfile=./Immagini/Attack/gToolFai
lurel_Final-eps-converted-to.pdf ./Immagini/Attack/gToolFailurel_Final.eps>
(epstopdf)             \includegraphics on input line 67.
Package epstopdf Info: Output file is already uptodate.

<./Immagini/Attack/gToolFailurel_Final-eps-converted-to.pdf, id=666, 865.2325pt
 x 650.43pt>
File: ./Immagini/Attack/gToolFailurel_Final-eps-converted-to.pdf Graphic file (
type pdf)
 <use ./Immagini/Attack/gToolFailurel_Final-eps-converted-to.pdf>
Package pdftex.def Info: ./Immagini/Attack/gToolFailurel_Final-eps-converted-to
.pdf used on input line 67.
(pdftex.def)             Requested size: 193.20282pt x 145.23878pt.
Package epstopdf Info: Source file: <./Immagini/Attack/gToolFailureD_Final.eps>

(epstopdf)                    date: 2016-03-13 13:56:20
(epstopdf)                    size: 38753 bytes
(epstopdf)             Output file: <./Immagini/Attack/gToolFailureD_Final-eps-
converted-to.pdf>
(epstopdf)                    date: 2016-03-13 20:43:05
(epstopdf)                    size: 72168 bytes
(epstopdf)             Command: <repstopdf --outfile=./Immagini/Attack/gToolFai
lureD_Final-eps-converted-to.pdf ./Immagini/Attack/gToolFailureD_Final.eps>
(epstopdf)             \includegraphics on input line 70.
Package epstopdf Info: Output file is already uptodate.

<./Immagini/Attack/gToolFailureD_Final-eps-converted-to.pdf, id=667, 865.2325pt
 x 650.43pt>
File: ./Immagini/Attack/gToolFailureD_Final-eps-converted-to.pdf Graphic file (
type pdf)
 <use ./Immagini/Attack/gToolFailureD_Final-eps-converted-to.pdf>
Package pdftex.def Info: ./Immagini/Attack/gToolFailureD_Final-eps-converted-to
.pdf used on input line 70.
(pdftex.def)             Requested size: 193.20282pt x 145.23878pt.
Package epstopdf Info: Source file: <./Immagini/Attack/gToolFailurek_Final.eps>

(epstopdf)                    date: 2016-03-13 13:56:22
(epstopdf)                    size: 41316 bytes
(epstopdf)             Output file: <./Immagini/Attack/gToolFailurek_Final-eps-
converted-to.pdf>
(epstopdf)                    date: 2016-03-13 20:43:05
(epstopdf)                    size: 89622 bytes
(epstopdf)             Command: <repstopdf --outfile=./Immagini/Attack/gToolFai
lurek_Final-eps-converted-to.pdf ./Immagini/Attack/gToolFailurek_Final.eps>
(epstopdf)             \includegraphics on input line 73.
Package epstopdf Info: Output file is already uptodate.

<./Immagini/Attack/gToolFailurek_Final-eps-converted-to.pdf, id=668, 865.2325pt
 x 650.43pt>
File: ./Immagini/Attack/gToolFailurek_Final-eps-converted-to.pdf Graphic file (
type pdf)
 <use ./Immagini/Attack/gToolFailurek_Final-eps-converted-to.pdf>
Package pdftex.def Info: ./Immagini/Attack/gToolFailurek_Final-eps-converted-to
.pdf used on input line 73.
(pdftex.def)             Requested size: 193.20282pt x 145.23878pt.
Package epstopdf Info: Source file: <./Immagini/Attack/gToolFailurec_Final.eps>

(epstopdf)                    date: 2016-03-13 13:56:22
(epstopdf)                    size: 32119 bytes
(epstopdf)             Output file: <./Immagini/Attack/gToolFailurec_Final-eps-
converted-to.pdf>
(epstopdf)                    date: 2016-03-13 20:43:06
(epstopdf)                    size: 33213 bytes
(epstopdf)             Command: <repstopdf --outfile=./Immagini/Attack/gToolFai
lurec_Final-eps-converted-to.pdf ./Immagini/Attack/gToolFailurec_Final.eps>
(epstopdf)             \includegraphics on input line 76.
Package epstopdf Info: Output file is already uptodate.

<./Immagini/Attack/gToolFailurec_Final-eps-converted-to.pdf, id=669, 865.2325pt
 x 650.43pt>
File: ./Immagini/Attack/gToolFailurec_Final-eps-converted-to.pdf Graphic file (
type pdf)
 <use ./Immagini/Attack/gToolFailurec_Final-eps-converted-to.pdf>
Package pdftex.def Info: ./Immagini/Attack/gToolFailurec_Final-eps-converted-to
.pdf used on input line 76.
(pdftex.def)             Requested size: 193.20282pt x 145.23878pt.
Package epstopdf Info: Source file: <./Immagini/Attack/gToolAttackGC_Final.eps>

(epstopdf)                    date: 2016-03-13 14:01:05
(epstopdf)                    size: 41841 bytes
(epstopdf)             Output file: <./Immagini/Attack/gToolAttackGC_Final-eps-
converted-to.pdf>
(epstopdf)                    date: 2016-03-13 20:43:06
(epstopdf)                    size: 90534 bytes
(epstopdf)             Command: <repstopdf --outfile=./Immagini/Attack/gToolAtt
ackGC_Final-eps-converted-to.pdf ./Immagini/Attack/gToolAttackGC_Final.eps>
(epstopdf)             \includegraphics on input line 84.
Package epstopdf Info: Output file is already uptodate.

<./Immagini/Attack/gToolAttackGC_Final-eps-converted-to.pdf, id=670, 865.2325pt
 x 650.43pt>
File: ./Immagini/Attack/gToolAttackGC_Final-eps-converted-to.pdf Graphic file (
type pdf)
 <use ./Immagini/Attack/gToolAttackGC_Final-eps-converted-to.pdf>
Package pdftex.def Info: ./Immagini/Attack/gToolAttackGC_Final-eps-converted-to
.pdf used on input line 84.
(pdftex.def)             Requested size: 193.20282pt x 145.23878pt.
Package epstopdf Info: Source file: <./Immagini/Attack/gToolAttackC_Final.eps>
(epstopdf)                    date: 2016-03-13 14:01:06
(epstopdf)                    size: 41430 bytes
(epstopdf)             Output file: <./Immagini/Attack/gToolAttackC_Final-eps-c
onverted-to.pdf>
(epstopdf)                    date: 2016-03-13 20:43:07
(epstopdf)                    size: 84471 bytes
(epstopdf)             Command: <repstopdf --outfile=./Immagini/Attack/gToolAtt
ackC_Final-eps-converted-to.pdf ./Immagini/Attack/gToolAttackC_Final.eps>
(epstopdf)             \includegraphics on input line 87.
Package epstopdf Info: Output file is already uptodate.

<./Immagini/Attack/gToolAttackC_Final-eps-converted-to.pdf, id=671, 865.2325pt 
x 650.43pt>
File: ./Immagini/Attack/gToolAttackC_Final-eps-converted-to.pdf Graphic file (t
ype pdf)
 <use ./Immagini/Attack/gToolAttackC_Final-eps-converted-to.pdf>
Package pdftex.def Info: ./Immagini/Attack/gToolAttackC_Final-eps-converted-to.
pdf used on input line 87.
(pdftex.def)             Requested size: 193.20282pt x 145.23878pt.
Package epstopdf Info: Source file: <./Immagini/Attack/gToolAttackl_Final.eps>
(epstopdf)                    date: 2016-03-13 14:01:06
(epstopdf)                    size: 42395 bytes
(epstopdf)             Output file: <./Immagini/Attack/gToolAttackl_Final-eps-c
onverted-to.pdf>
(epstopdf)                    date: 2016-03-13 20:43:07
(epstopdf)                    size: 87049 bytes
(epstopdf)             Command: <repstopdf --outfile=./Immagini/Attack/gToolAtt
ackl_Final-eps-converted-to.pdf ./Immagini/Attack/gToolAttackl_Final.eps>
(epstopdf)             \includegraphics on input line 90.
Package epstopdf Info: Output file is already uptodate.

<./Immagini/Attack/gToolAttackl_Final-eps-converted-to.pdf, id=672, 865.2325pt 
x 650.43pt>
File: ./Immagini/Attack/gToolAttackl_Final-eps-converted-to.pdf Graphic file (t
ype pdf)
 <use ./Immagini/Attack/gToolAttackl_Final-eps-converted-to.pdf>
Package pdftex.def Info: ./Immagini/Attack/gToolAttackl_Final-eps-converted-to.
pdf used on input line 90.
(pdftex.def)             Requested size: 193.20282pt x 145.23878pt.
Package epstopdf Info: Source file: <./Immagini/Attack/gToolAttackD_Final.eps>
(epstopdf)                    date: 2016-03-13 14:01:05
(epstopdf)                    size: 40988 bytes
(epstopdf)             Output file: <./Immagini/Attack/gToolAttackD_Final-eps-c
onverted-to.pdf>
(epstopdf)                    date: 2016-03-13 20:43:07
(epstopdf)                    size: 80930 bytes
(epstopdf)             Command: <repstopdf --outfile=./Immagini/Attack/gToolAtt
ackD_Final-eps-converted-to.pdf ./Immagini/Attack/gToolAttackD_Final.eps>
(epstopdf)             \includegraphics on input line 93.
Package epstopdf Info: Output file is already uptodate.

<./Immagini/Attack/gToolAttackD_Final-eps-converted-to.pdf, id=673, 865.2325pt 
x 650.43pt>
File: ./Immagini/Attack/gToolAttackD_Final-eps-converted-to.pdf Graphic file (t
ype pdf)
 <use ./Immagini/Attack/gToolAttackD_Final-eps-converted-to.pdf>
Package pdftex.def Info: ./Immagini/Attack/gToolAttackD_Final-eps-converted-to.
pdf used on input line 93.
(pdftex.def)             Requested size: 193.20282pt x 145.23878pt.
Package epstopdf Info: Source file: <./Immagini/Attack/gToolAttackk_Final.eps>
(epstopdf)                    date: 2016-03-13 14:01:06
(epstopdf)                    size: 40310 bytes
(epstopdf)             Output file: <./Immagini/Attack/gToolAttackk_Final-eps-c
onverted-to.pdf>
(epstopdf)                    date: 2016-03-13 20:43:08
(epstopdf)                    size: 87015 bytes
(epstopdf)             Command: <repstopdf --outfile=./Immagini/Attack/gToolAtt
ackk_Final-eps-converted-to.pdf ./Immagini/Attack/gToolAttackk_Final.eps>
(epstopdf)             \includegraphics on input line 96.
Package epstopdf Info: Output file is already uptodate.

<./Immagini/Attack/gToolAttackk_Final-eps-converted-to.pdf, id=674, 865.2325pt 
x 650.43pt>
File: ./Immagini/Attack/gToolAttackk_Final-eps-converted-to.pdf Graphic file (t
ype pdf)
 <use ./Immagini/Attack/gToolAttackk_Final-eps-converted-to.pdf>
Package pdftex.def Info: ./Immagini/Attack/gToolAttackk_Final-eps-converted-to.
pdf used on input line 96.
(pdftex.def)             Requested size: 193.20282pt x 145.23878pt.
Package epstopdf Info: Source file: <./Immagini/Attack/gToolAttackc_Final.eps>
(epstopdf)                    date: 2016-03-13 14:01:07
(epstopdf)                    size: 33508 bytes
(epstopdf)             Output file: <./Immagini/Attack/gToolAttackc_Final-eps-c
onverted-to.pdf>
(epstopdf)                    date: 2016-03-13 20:43:08
(epstopdf)                    size: 47873 bytes
(epstopdf)             Command: <repstopdf --outfile=./Immagini/Attack/gToolAtt
ackc_Final-eps-converted-to.pdf ./Immagini/Attack/gToolAttackc_Final.eps>
(epstopdf)             \includegraphics on input line 99.
Package epstopdf Info: Output file is already uptodate.

<./Immagini/Attack/gToolAttackc_Final-eps-converted-to.pdf, id=675, 865.2325pt 
x 650.43pt>
File: ./Immagini/Attack/gToolAttackc_Final-eps-converted-to.pdf Graphic file (t
ype pdf)
 <use ./Immagini/Attack/gToolAttackc_Final-eps-converted-to.pdf>
Package pdftex.def Info: ./Immagini/Attack/gToolAttackc_Final-eps-converted-to.
pdf used on input line 99.
(pdftex.def)             Requested size: 193.20282pt x 145.23878pt.

[16] [17 <./Immagini/Attack/gToolFailureGC_Final-eps-converted-to.pdf> <./Immag
ini/Attack/gToolFailureC_Final-eps-converted-to.pdf> <./Immagini/Attack/gToolFa
ilurel_Final-eps-converted-to.pdf> <./Immagini/Attack/gToolFailureD_Final-eps-c
onverted-to.pdf> <./Immagini/Attack/gToolFailurek_Final-eps-converted-to.pdf> <
./Immagini/Attack/gToolFailurec_Final-eps-converted-to.pdf>] [18 <./Immagini/At
tack/gToolAttackGC_Final-eps-converted-to.pdf> <./Immagini/Attack/gToolAttackC_
Final-eps-converted-to.pdf> <./Immagini/Attack/gToolAttackl_Final-eps-converted
-to.pdf> <./Immagini/Attack/gToolAttackD_Final-eps-converted-to.pdf> <./Immagin
i/Attack/gToolAttackk_Final-eps-converted-to.pdf> <./Immagini/Attack/gToolAttac
kc_Final-eps-converted-to.pdf>]) (./Paragrafi/Conclusioni.tex [19])
(./MaterialeInizialeFinale/Bibliografia.tex)
LaTeX Font Info:    Try loading font information for T1+fvm on input line 10.

(/usr/share/texlive/texmf-dist/tex/latex/bera/t1fvm.fd
File: t1fvm.fd 2004/09/07 scalable font definitions for T1/fvm.
)
LaTeX Font Info:    Font shape `T1/fvm/m/n' will be
(Font)              scaled to size 10.79993pt on input line 10.
 [20

]
Package atveryend Info: Empty hook `BeforeClearDocument' on input line 98.
Package atveryend Info: Empty hook `AfterLastShipout' on input line 98.
 (./Relazione.aux)
Package atveryend Info: Executing hook `AtVeryEndDocument' on input line 98.
Package atveryend Info: Empty hook `AtEndAfterFileList' on input line 98.


LaTeX Warning: There were undefined references.

Package logreq Info: Writing requests to 'Relazione.run.xml'.
\openout1 = `Relazione.run.xml'.

 ) 
Here is how much of TeX's memory you used:
 18290 strings out of 493085
 287661 string characters out of 6136916
 738585 words of memory out of 5000000
 21235 multiletter control sequences out of 15000+600000
 93137 words of font info for 145 fonts, out of 8000000 for 9000
 1144 hyphenation exceptions out of 8191
 44i,10n,67p,1154b,1203s stack positions out of 5000i,500n,10000p,200000b,80000s
{/usr/share/texlive/texmf-dist/fonts/enc/dvips/base/8r.enc}</usr/share/texliv
e/texmf-dist/fonts/type1/public/amsfonts/cm/cmex10.pfb></usr/share/texlive/texm
f-dist/fonts/type1/public/amsfonts/cm/cmmi10.pfb></usr/share/texlive/texmf-dist
/fonts/type1/public/amsfonts/cm/cmr10.pfb></usr/share/texlive/texmf-dist/fonts/
type1/public/amsfonts/cm/cmsy10.pfb></usr/share/texlive/texmf-dist/fonts/type1/
public/bera/fvmr8a.pfb></usr/share/texlive/texmf-dist/fonts/type1/public/amsfon
ts/symbols/msam10.pfb></usr/share/texmf/fonts/type1/public/tex-gyre/qhvr.pfb></
usr/share/texlive/texmf-dist/fonts/type1/urw/symbol/usyr.pfb></usr/share/texliv
e/texmf-dist/fonts/type1/urw/times/utmb8a.pfb></usr/share/texlive/texmf-dist/fo
nts/type1/urw/times/utmbi8a.pfb></usr/share/texlive/texmf-dist/fonts/type1/urw/
times/utmr8a.pfb></usr/share/texlive/texmf-dist/fonts/type1/urw/times/utmr8a.pf
b></usr/share/texlive/texmf-dist/fonts/type1/urw/times/utmri8a.pfb>
Output written on Relazione.pdf (20 pages, 8821810 bytes).
PDF statistics:
 1236 PDF objects out of 1440 (max. 8388607)
 383 compressed objects within 4 object streams
 98 named destinations out of 1000 (max. 500000)
 241 words of extra memory for PDF output out of 10000 (max. 10000000)

